# JRE version: Java(TM) SE Runtime Environment (8.0_121-b13) (build 1.8.0_121-b13)
# Java VM: Java HotSpot(TM) 64-Bit Server VM (25.121-b13 mixed mode windows-amd64 compressed oops)
Heap:
 PSYoungGen      total 73728K, used 30753K [0x00000000e0000000, 0x00000000e7f80000, 0x0000000100000000)
  eden space 65536K, 35% used [0x00000000e0000000,0x00000000e16bb2f0,0x00000000e4000000)
  from space 8192K, 91% used [0x00000000e4000000,0x00000000e474d118,0x00000000e4800000)
  to   space 9216K, 0% used [0x00000000e7680000,0x00000000e7680000,0x00000000e7f80000)
 ParOldGen       total 37376K, used 11210K [0x00000000a0000000, 0x00000000a2480000, 0x00000000e0000000)
  object space 37376K, 29% used [0x00000000a0000000,0x00000000a0af28e8,0x00000000a2480000)
 Metaspace       used 27663K, capacity 28162K, committed 28416K, reserved 1073152K
  class space    used 3886K, capacity 4037K, committed 4096K, reserved 1048576K
GC Heap History (10 events):
Event: 2.079 GC heap before
{Heap before GC invocations=4 (full 0):
 PSYoungGen      total 18944K, used 18912K [0x00000000e0000000, 0x00000000e2500000, 0x0000000100000000)
  eden space 16384K, 100% used [0x00000000e0000000,0x00000000e1000000,0x00000000e1000000)
  from space 2560K, 98% used [0x00000000e1000000,0x00000000e1278020,0x00000000e1280000)
  to   space 2560K, 0% used [0x00000000e2280000,0x00000000e2280000,0x00000000e2500000)
 ParOldGen       total 44032K, used 2168K [0x00000000a0000000, 0x00000000a2b00000, 0x00000000e0000000)
  object space 44032K, 4% used [0x00000000a0000000,0x00000000a021e140,0x00000000a2b00000)
 Metaspace       used 13035K, capacity 13330K, committed 13440K, reserved 1060864K
  class space    used 1784K, capacity 1885K, committed 1920K, reserved 1048576K
Event: 2.085 GC heap after
Heap after GC invocations=4 (full 0):
 PSYoungGen      total 35328K, used 2528K [0x00000000e0000000, 0x00000000e2500000, 0x0000000100000000)
  eden space 32768K, 0% used [0x00000000e0000000,0x00000000e0000000,0x00000000e2000000)
  from space 2560K, 98% used [0x00000000e2280000,0x00000000e24f8020,0x00000000e2500000)
  to   space 2560K, 0% used [0x00000000e2000000,0x00000000e2000000,0x00000000e2280000)
 ParOldGen       total 44032K, used 4132K [0x00000000a0000000, 0x00000000a2b00000, 0x00000000e0000000)
  object space 44032K, 9% used [0x00000000a0000000,0x00000000a04091d8,0x00000000a2b00000)
 Metaspace       used 13035K, capacity 13330K, committed 13440K, reserved 1060864K
  class space    used 1784K, capacity 1885K, committed 1920K, reserved 1048576K
}
Event: 3.318 GC heap before
{Heap before GC invocations=5 (full 0):
 PSYoungGen      total 35328K, used 35041K [0x00000000e0000000, 0x00000000e2500000, 0x0000000100000000)
  eden space 32768K, 99% used [0x00000000e0000000,0x00000000e1fc04e8,0x00000000e2000000)
  from space 2560K, 98% used [0x00000000e2280000,0x00000000e24f8020,0x00000000e2500000)
  to   space 2560K, 0% used [0x00000000e2000000,0x00000000e2000000,0x00000000e2280000)
 ParOldGen       total 44032K, used 4132K [0x00000000a0000000, 0x00000000a2b00000, 0x00000000e0000000)
  object space 44032K, 9% used [0x00000000a0000000,0x00000000a04091d8,0x00000000a2b00000)
 Metaspace       used 18818K, capacity 19158K, committed 19456K, reserved 1067008K
  class space    used 2577K, capacity 2693K, committed 2816K, reserved 1048576K
Event: 3.374 GC heap after
Heap after GC invocations=5 (full 0):
 PSYoungGen      total 35328K, used 2528K [0x00000000e0000000, 0x00000000e5100000, 0x0000000100000000)
  eden space 32768K, 0% used [0x00000000e0000000,0x00000000e0000000,0x00000000e2000000)
  from space 2560K, 98% used [0x00000000e2000000,0x00000000e2278020,0x00000000e2280000)
  to   space 8704K, 0% used [0x00000000e4880000,0x00000000e4880000,0x00000000e5100000)
 ParOldGen       total 44032K, used 10352K [0x00000000a0000000, 0x00000000a2b00000, 0x00000000e0000000)
  object space 44032K, 23% used [0x00000000a0000000,0x00000000a0a1c200,0x00000000a2b00000)
 Metaspace       used 18818K, capacity 19158K, committed 19456K, reserved 1067008K
  class space    used 2577K, capacity 2693K, committed 2816K, reserved 1048576K
}
Event: 3.741 GC heap before
{Heap before GC invocations=6 (full 0):
 PSYoungGen      total 35328K, used 21818K [0x00000000e0000000, 0x00000000e5100000, 0x0000000100000000)
  eden space 32768K, 58% used [0x00000000e0000000,0x00000000e12d67e8,0x00000000e2000000)
  from space 2560K, 98% used [0x00000000e2000000,0x00000000e2278020,0x00000000e2280000)
  to   space 8704K, 0% used [0x00000000e4880000,0x00000000e4880000,0x00000000e5100000)
 ParOldGen       total 44032K, used 10352K [0x00000000a0000000, 0x00000000a2b00000, 0x00000000e0000000)
  object space 44032K, 23% used [0x00000000a0000000,0x00000000a0a1c200,0x00000000a2b00000)
 Metaspace       used 20789K, capacity 21210K, committed 21296K, reserved 1067008K
  class space    used 2788K, capacity 2924K, committed 2944K, reserved 1048576K
Event: 3.761 GC heap after
Heap after GC invocations=6 (full 0):
 PSYoungGen      total 73216K, used 4768K [0x00000000e0000000, 0x00000000e5000000, 0x0000000100000000)
  eden space 65536K, 0% used [0x00000000e0000000,0x00000000e0000000,0x00000000e4000000)
  from space 7680K, 62% used [0x00000000e4880000,0x00000000e4d280f0,0x00000000e5000000)
  to   space 8192K, 0% used [0x00000000e4000000,0x00000000e4000000,0x00000000e4800000)
 ParOldGen       total 44032K, used 10352K [0x00000000a0000000, 0x00000000a2b00000, 0x00000000e0000000)
  object space 44032K, 23% used [0x00000000a0000000,0x00000000a0a1c200,0x00000000a2b00000)
 Metaspace       used 20789K, capacity 21210K, committed 21296K, reserved 1067008K
  class space    used 2788K, capacity 2924K, committed 2944K, reserved 1048576K
}
Event: 3.761 GC heap before
{Heap before GC invocations=7 (full 1):
 PSYoungGen      total 73216K, used 4768K [0x00000000e0000000, 0x00000000e5000000, 0x0000000100000000)
  eden space 65536K, 0% used [0x00000000e0000000,0x00000000e0000000,0x00000000e4000000)
  from space 7680K, 62% used [0x00000000e4880000,0x00000000e4d280f0,0x00000000e5000000)
  to   space 8192K, 0% used [0x00000000e4000000,0x00000000e4000000,0x00000000e4800000)
 ParOldGen       total 44032K, used 10352K [0x00000000a0000000, 0x00000000a2b00000, 0x00000000e0000000)
  object space 44032K, 23% used [0x00000000a0000000,0x00000000a0a1c200,0x00000000a2b00000)
 Metaspace       used 20789K, capacity 21210K, committed 21296K, reserved 1067008K
  class space    used 2788K, capacity 2924K, committed 2944K, reserved 1048576K
Event: 3.827 GC heap after
Heap after GC invocations=7 (full 1):
 PSYoungGen      total 73216K, used 0K [0x00000000e0000000, 0x00000000e5000000, 0x0000000100000000)
  eden space 65536K, 0% used [0x00000000e0000000,0x00000000e0000000,0x00000000e4000000)
  from space 7680K, 0% used [0x00000000e4880000,0x00000000e4880000,0x00000000e5000000)
  to   space 8192K, 0% used [0x00000000e4000000,0x00000000e4000000,0x00000000e4800000)
 ParOldGen       total 37376K, used 11210K [0x00000000a0000000, 0x00000000a2480000, 0x00000000e0000000)
  object space 37376K, 29% used [0x00000000a0000000,0x00000000a0af28e8,0x00000000a2480000)
 Metaspace       used 20789K, capacity 21210K, committed 21296K, reserved 1067008K
  class space    used 2788K, capacity 2924K, committed 2944K, reserved 1048576K
}
Event: 5.007 GC heap before
{Heap before GC invocations=8 (full 1):
 PSYoungGen      total 73216K, used 65536K [0x00000000e0000000, 0x00000000e5000000, 0x0000000100000000)
  eden space 65536K, 100% used [0x00000000e0000000,0x00000000e4000000,0x00000000e4000000)
  from space 7680K, 0% used [0x00000000e4880000,0x00000000e4880000,0x00000000e5000000)
  to   space 8192K, 0% used [0x00000000e4000000,0x00000000e4000000,0x00000000e4800000)
 ParOldGen       total 37376K, used 11210K [0x00000000a0000000, 0x00000000a2480000, 0x00000000e0000000)
  object space 37376K, 29% used [0x00000000a0000000,0x00000000a0af28e8,0x00000000a2480000)
 Metaspace       used 25977K, capacity 26416K, committed 26624K, reserved 1073152K
  class space    used 3662K, capacity 3778K, committed 3840K, reserved 1048576K
Event: 5.018 GC heap after
Heap after GC invocations=8 (full 1):
 PSYoungGen      total 73728K, used 7476K [0x00000000e0000000, 0x00000000e7f80000, 0x0000000100000000)
  eden space 65536K, 0% used [0x00000000e0000000,0x00000000e0000000,0x00000000e4000000)
  from space 8192K, 91% used [0x00000000e4000000,0x00000000e474d118,0x00000000e4800000)
  to   space 9216K, 0% used [0x00000000e7680000,0x00000000e7680000,0x00000000e7f80000)
 ParOldGen       total 37376K, used 11210K [0x00000000a0000000, 0x00000000a2480000, 0x00000000e0000000)
  object space 37376K, 29% used [0x00000000a0000000,0x00000000a0af28e8,0x00000000a2480000)
 Metaspace       used 25977K, capacity 26416K, committed 26624K, reserved 1073152K
  class space    used 3662K, capacity 3778K, committed 3840K, reserved 1048576K
}

