# JRE version: Java(TM) SE Runtime Environment (8.0_121-b13) (build 1.8.0_121-b13)
# Java VM: Java HotSpot(TM) 64-Bit Server VM (25.121-b13 mixed mode windows-amd64 compressed oops)
Heap:
 PSYoungGen      total 321536K, used 266555K [0x00000000e0000000, 0x00000000f6280000, 0x0000000100000000)
  eden space 297984K, 81% used [0x00000000e0000000,0x00000000eed52280,0x00000000f2300000)
  from space 23552K, 99% used [0x00000000f4200000,0x00000000f58fcc98,0x00000000f5900000)
  to   space 31744K, 0% used [0x00000000f2300000,0x00000000f2300000,0x00000000f4200000)
 ParOldGen       total 93184K, used 69316K [0x00000000a0000000, 0x00000000a5b00000, 0x00000000e0000000)
  object space 93184K, 74% used [0x00000000a0000000,0x00000000a43b1070,0x00000000a5b00000)
 Metaspace       used 76226K, capacity 80240K, committed 80512K, reserved 1118208K
  class space    used 10044K, capacity 10789K, committed 10880K, reserved 1048576K
GC Heap History (10 events):
Event: 951.562 GC heap before
{Heap before GC invocations=21 (full 4):
 PSYoungGen      total 284160K, used 191187K [0x00000000e0000000, 0x00000000f3300000, 0x0000000100000000)
  eden space 266240K, 68% used [0x00000000e0000000,0x00000000eb15fa98,0x00000000f0400000)
  from space 17920K, 53% used [0x00000000f2180000,0x00000000f2ad5350,0x00000000f3300000)
  to   space 24064K, 0% used [0x00000000f0400000,0x00000000f0400000,0x00000000f1b80000)
 ParOldGen       total 93184K, used 57681K [0x00000000a0000000, 0x00000000a5b00000, 0x00000000e0000000)
  object space 93184K, 61% used [0x00000000a0000000,0x00000000a38547c0,0x00000000a5b00000)
 Metaspace       used 61473K, capacity 64774K, committed 64896K, reserved 1105920K
  class space    used 8375K, capacity 9052K, committed 9088K, reserved 1048576K
Event: 951.586 GC heap after
Heap after GC invocations=21 (full 4):
 PSYoungGen      total 274432K, used 8050K [0x00000000e0000000, 0x00000000f3100000, 0x0000000100000000)
  eden space 266240K, 0% used [0x00000000e0000000,0x00000000e0000000,0x00000000f0400000)
  from space 8192K, 98% used [0x00000000f0400000,0x00000000f0bdc858,0x00000000f0c00000)
  to   space 23040K, 0% used [0x00000000f1a80000,0x00000000f1a80000,0x00000000f3100000)
 ParOldGen       total 93184K, used 62253K [0x00000000a0000000, 0x00000000a5b00000, 0x00000000e0000000)
  object space 93184K, 66% used [0x00000000a0000000,0x00000000a3ccb4e8,0x00000000a5b00000)
 Metaspace       used 61473K, capacity 64774K, committed 64896K, reserved 1105920K
  class space    used 8375K, capacity 9052K, committed 9088K, reserved 1048576K
}
Event: 951.586 GC heap before
{Heap before GC invocations=22 (full 5):
 PSYoungGen      total 274432K, used 8050K [0x00000000e0000000, 0x00000000f3100000, 0x0000000100000000)
  eden space 266240K, 0% used [0x00000000e0000000,0x00000000e0000000,0x00000000f0400000)
  from space 8192K, 98% used [0x00000000f0400000,0x00000000f0bdc858,0x00000000f0c00000)
  to   space 23040K, 0% used [0x00000000f1a80000,0x00000000f1a80000,0x00000000f3100000)
 ParOldGen       total 93184K, used 62253K [0x00000000a0000000, 0x00000000a5b00000, 0x00000000e0000000)
  object space 93184K, 66% used [0x00000000a0000000,0x00000000a3ccb4e8,0x00000000a5b00000)
 Metaspace       used 61473K, capacity 64774K, committed 64896K, reserved 1105920K
  class space    used 8375K, capacity 9052K, committed 9088K, reserved 1048576K
Event: 952.381 GC heap after
Heap after GC invocations=22 (full 5):
 PSYoungGen      total 274432K, used 0K [0x00000000e0000000, 0x00000000f3100000, 0x0000000100000000)
  eden space 266240K, 0% used [0x00000000e0000000,0x00000000e0000000,0x00000000f0400000)
  from space 8192K, 0% used [0x00000000f0400000,0x00000000f0400000,0x00000000f0c00000)
  to   space 23040K, 0% used [0x00000000f1a80000,0x00000000f1a80000,0x00000000f3100000)
 ParOldGen       total 93184K, used 57572K [0x00000000a0000000, 0x00000000a5b00000, 0x00000000e0000000)
  object space 93184K, 61% used [0x00000000a0000000,0x00000000a38391c0,0x00000000a5b00000)
 Metaspace       used 61471K, capacity 64768K, committed 64896K, reserved 1105920K
  class space    used 8375K, capacity 9051K, committed 9088K, reserved 1048576K
}
Event: 1023.439 GC heap before
{Heap before GC invocations=23 (full 5):
 PSYoungGen      total 274432K, used 266240K [0x00000000e0000000, 0x00000000f3100000, 0x0000000100000000)
  eden space 266240K, 100% used [0x00000000e0000000,0x00000000f0400000,0x00000000f0400000)
  from space 8192K, 0% used [0x00000000f0400000,0x00000000f0400000,0x00000000f0c00000)
  to   space 23040K, 0% used [0x00000000f1a80000,0x00000000f1a80000,0x00000000f3100000)
 ParOldGen       total 93184K, used 57572K [0x00000000a0000000, 0x00000000a5b00000, 0x00000000e0000000)
  object space 93184K, 61% used [0x00000000a0000000,0x00000000a38391c0,0x00000000a5b00000)
 Metaspace       used 62016K, capacity 65562K, committed 65792K, reserved 1105920K
  class space    used 8417K, capacity 9106K, committed 9216K, reserved 1048576K
Event: 1023.612 GC heap after
Heap after GC invocations=23 (full 5):
 PSYoungGen      total 290304K, used 8272K [0x00000000e0000000, 0x00000000f7100000, 0x0000000100000000)
  eden space 267264K, 0% used [0x00000000e0000000,0x00000000e0000000,0x00000000f0500000)
  from space 23040K, 35% used [0x00000000f1a80000,0x00000000f2294020,0x00000000f3100000)
  to   space 22016K, 0% used [0x00000000f0500000,0x00000000f0500000,0x00000000f1a80000)
 ParOldGen       total 93184K, used 57580K [0x00000000a0000000, 0x00000000a5b00000, 0x00000000e0000000)
  object space 93184K, 61% used [0x00000000a0000000,0x00000000a383b1c0,0x00000000a5b00000)
 Metaspace       used 62016K, capacity 65562K, committed 65792K, reserved 1105920K
  class space    used 8417K, capacity 9106K, committed 9216K, reserved 1048576K
}
Event: 1034.065 GC heap before
{Heap before GC invocations=24 (full 5):
 PSYoungGen      total 290304K, used 275536K [0x00000000e0000000, 0x00000000f7100000, 0x0000000100000000)
  eden space 267264K, 100% used [0x00000000e0000000,0x00000000f0500000,0x00000000f0500000)
  from space 23040K, 35% used [0x00000000f1a80000,0x00000000f2294020,0x00000000f3100000)
  to   space 22016K, 0% used [0x00000000f0500000,0x00000000f0500000,0x00000000f1a80000)
 ParOldGen       total 93184K, used 57580K [0x00000000a0000000, 0x00000000a5b00000, 0x00000000e0000000)
  object space 93184K, 61% used [0x00000000a0000000,0x00000000a383b1c0,0x00000000a5b00000)
 Metaspace       used 64116K, capacity 67654K, committed 67968K, reserved 1107968K
  class space    used 8631K, capacity 9306K, committed 9344K, reserved 1048576K
Event: 1034.087 GC heap after
Heap after GC invocations=24 (full 5):
 PSYoungGen      total 289280K, used 17964K [0x00000000e0000000, 0x00000000f5900000, 0x0000000100000000)
  eden space 267264K, 0% used [0x00000000e0000000,0x00000000e0000000,0x00000000f0500000)
  from space 22016K, 81% used [0x00000000f0500000,0x00000000f168b1f0,0x00000000f1a80000)
  to   space 23552K, 0% used [0x00000000f4200000,0x00000000f4200000,0x00000000f5900000)
 ParOldGen       total 93184K, used 57588K [0x00000000a0000000, 0x00000000a5b00000, 0x00000000e0000000)
  object space 93184K, 61% used [0x00000000a0000000,0x00000000a383d1c0,0x00000000a5b00000)
 Metaspace       used 64116K, capacity 67654K, committed 67968K, reserved 1107968K
  class space    used 8631K, capacity 9306K, committed 9344K, reserved 1048576K
}
Event: 1234.608 GC heap before
{Heap before GC invocations=25 (full 5):
 PSYoungGen      total 289280K, used 285228K [0x00000000e0000000, 0x00000000f5900000, 0x0000000100000000)
  eden space 267264K, 100% used [0x00000000e0000000,0x00000000f0500000,0x00000000f0500000)
  from space 22016K, 81% used [0x00000000f0500000,0x00000000f168b1f0,0x00000000f1a80000)
  to   space 23552K, 0% used [0x00000000f4200000,0x00000000f4200000,0x00000000f5900000)
 ParOldGen       total 93184K, used 57588K [0x00000000a0000000, 0x00000000a5b00000, 0x00000000e0000000)
  object space 93184K, 61% used [0x00000000a0000000,0x00000000a383d1c0,0x00000000a5b00000)
 Metaspace       used 72602K, capacity 76422K, committed 76800K, reserved 1116160K
  class space    used 9693K, capacity 10408K, committed 10496K, reserved 1048576K
Event: 1234.659 GC heap after
Heap after GC invocations=25 (full 5):
 PSYoungGen      total 321536K, used 23539K [0x00000000e0000000, 0x00000000f6280000, 0x0000000100000000)
  eden space 297984K, 0% used [0x00000000e0000000,0x00000000e0000000,0x00000000f2300000)
  from space 23552K, 99% used [0x00000000f4200000,0x00000000f58fcc98,0x00000000f5900000)
  to   space 31744K, 0% used [0x00000000f2300000,0x00000000f2300000,0x00000000f4200000)
 ParOldGen       total 93184K, used 69316K [0x00000000a0000000, 0x00000000a5b00000, 0x00000000e0000000)
  object space 93184K, 74% used [0x00000000a0000000,0x00000000a43b1070,0x00000000a5b00000)
 Metaspace       used 72602K, capacity 76422K, committed 76800K, reserved 1116160K
  class space    used 9693K, capacity 10408K, committed 10496K, reserved 1048576K
}

