# JRE version: Java(TM) SE Runtime Environment (8.0_121-b13) (build 1.8.0_121-b13)
# Java VM: Java HotSpot(TM) 64-Bit Server VM (25.121-b13 mixed mode windows-amd64 compressed oops)
Heap:
 PSYoungGen      total 183808K, used 25542K [0x00000000e0000000, 0x00000000f1480000, 0x0000000100000000)
  eden space 171520K, 7% used [0x00000000e0000000,0x00000000e0cf8eb8,0x00000000ea780000)
  from space 12288K, 99% used [0x00000000ea780000,0x00000000eb378b78,0x00000000eb380000)
  to   space 15360K, 0% used [0x00000000f0580000,0x00000000f0580000,0x00000000f1480000)
 ParOldGen       total 52736K, used 20321K [0x00000000a0000000, 0x00000000a3380000, 0x00000000e0000000)
  object space 52736K, 38% used [0x00000000a0000000,0x00000000a13d87e8,0x00000000a3380000)
 Metaspace       used 44871K, capacity 46066K, committed 46208K, reserved 1089536K
  class space    used 6187K, capacity 6481K, committed 6528K, reserved 1048576K
GC Heap History (10 events):
Event: 10.724 GC heap after
Heap after GC invocations=6 (full 1):
 PSYoungGen      total 68096K, used 0K [0x00000000e0000000, 0x00000000e9200000, 0x0000000100000000)
  eden space 65536K, 0% used [0x00000000e0000000,0x00000000e0000000,0x00000000e4000000)
  from space 2560K, 0% used [0x00000000e4000000,0x00000000e4000000,0x00000000e4280000)
  to   space 9216K, 0% used [0x00000000e8900000,0x00000000e8900000,0x00000000e9200000)
 ParOldGen       total 40448K, used 11904K [0x00000000a0000000, 0x00000000a2780000, 0x00000000e0000000)
  object space 40448K, 29% used [0x00000000a0000000,0x00000000a0ba02d8,0x00000000a2780000)
 Metaspace       used 20776K, capacity 21210K, committed 21296K, reserved 1067008K
  class space    used 2784K, capacity 2919K, committed 2944K, reserved 1048576K
}
Event: 13.117 GC heap before
{Heap before GC invocations=7 (full 1):
 PSYoungGen      total 68096K, used 65536K [0x00000000e0000000, 0x00000000e9200000, 0x0000000100000000)
  eden space 65536K, 100% used [0x00000000e0000000,0x00000000e4000000,0x00000000e4000000)
  from space 2560K, 0% used [0x00000000e4000000,0x00000000e4000000,0x00000000e4280000)
  to   space 9216K, 0% used [0x00000000e8900000,0x00000000e8900000,0x00000000e9200000)
 ParOldGen       total 40448K, used 11904K [0x00000000a0000000, 0x00000000a2780000, 0x00000000e0000000)
  object space 40448K, 29% used [0x00000000a0000000,0x00000000a0ba02d8,0x00000000a2780000)
 Metaspace       used 25857K, capacity 26452K, committed 26624K, reserved 1073152K
  class space    used 3650K, capacity 3806K, committed 3840K, reserved 1048576K
Event: 13.133 GC heap after
Heap after GC invocations=7 (full 1):
 PSYoungGen      total 115200K, used 7643K [0x00000000e0000000, 0x00000000e9080000, 0x0000000100000000)
  eden space 107520K, 0% used [0x00000000e0000000,0x00000000e0000000,0x00000000e6900000)
  from space 7680K, 99% used [0x00000000e8900000,0x00000000e9076c30,0x00000000e9080000)
  to   space 10240K, 0% used [0x00000000e7c80000,0x00000000e7c80000,0x00000000e8680000)
 ParOldGen       total 40448K, used 11904K [0x00000000a0000000, 0x00000000a2780000, 0x00000000e0000000)
  object space 40448K, 29% used [0x00000000a0000000,0x00000000a0ba02d8,0x00000000a2780000)
 Metaspace       used 25857K, capacity 26452K, committed 26624K, reserved 1073152K
  class space    used 3650K, capacity 3806K, committed 3840K, reserved 1048576K
}
Event: 22.304 GC heap before
{Heap before GC invocations=8 (full 1):
 PSYoungGen      total 115200K, used 115163K [0x00000000e0000000, 0x00000000e9080000, 0x0000000100000000)
  eden space 107520K, 100% used [0x00000000e0000000,0x00000000e6900000,0x00000000e6900000)
  from space 7680K, 99% used [0x00000000e8900000,0x00000000e9076c30,0x00000000e9080000)
  to   space 10240K, 0% used [0x00000000e7c80000,0x00000000e7c80000,0x00000000e8680000)
 ParOldGen       total 40448K, used 11904K [0x00000000a0000000, 0x00000000a2780000, 0x00000000e0000000)
  object space 40448K, 29% used [0x00000000a0000000,0x00000000a0ba02d8,0x00000000a2780000)
 Metaspace       used 29984K, capacity 30654K, committed 31104K, reserved 1075200K
  class space    used 4172K, capacity 4376K, committed 4480K, reserved 1048576K
Event: 22.370 GC heap after
Heap after GC invocations=8 (full 1):
 PSYoungGen      total 137728K, used 8121K [0x00000000e0000000, 0x00000000ebe00000, 0x0000000100000000)
  eden space 127488K, 0% used [0x00000000e0000000,0x00000000e0000000,0x00000000e7c80000)
  from space 10240K, 79% used [0x00000000e7c80000,0x00000000e846e758,0x00000000e8680000)
  to   space 10752K, 0% used [0x00000000eb380000,0x00000000eb380000,0x00000000ebe00000)
 ParOldGen       total 40448K, used 11904K [0x00000000a0000000, 0x00000000a2780000, 0x00000000e0000000)
  object space 40448K, 29% used [0x00000000a0000000,0x00000000a0ba02d8,0x00000000a2780000)
 Metaspace       used 29984K, capacity 30654K, committed 31104K, reserved 1075200K
  class space    used 4172K, capacity 4376K, committed 4480K, reserved 1048576K
}
Event: 23.779 GC heap before
{Heap before GC invocations=9 (full 1):
 PSYoungGen      total 137728K, used 73297K [0x00000000e0000000, 0x00000000ebe00000, 0x0000000100000000)
  eden space 127488K, 51% used [0x00000000e0000000,0x00000000e3fa6088,0x00000000e7c80000)
  from space 10240K, 79% used [0x00000000e7c80000,0x00000000e846e758,0x00000000e8680000)
  to   space 10752K, 0% used [0x00000000eb380000,0x00000000eb380000,0x00000000ebe00000)
 ParOldGen       total 40448K, used 11904K [0x00000000a0000000, 0x00000000a2780000, 0x00000000e0000000)
  object space 40448K, 29% used [0x00000000a0000000,0x00000000a0ba02d8,0x00000000a2780000)
 Metaspace       used 34533K, capacity 35202K, committed 35456K, reserved 1079296K
  class space    used 4756K, capacity 4950K, committed 4992K, reserved 1048576K
Event: 23.836 GC heap after
Heap after GC invocations=9 (full 1):
 PSYoungGen      total 182272K, used 10433K [0x00000000e0000000, 0x00000000eec00000, 0x0000000100000000)
  eden space 171520K, 0% used [0x00000000e0000000,0x00000000e0000000,0x00000000ea780000)
  from space 10752K, 97% used [0x00000000eb380000,0x00000000ebdb06c0,0x00000000ebe00000)
  to   space 12288K, 0% used [0x00000000ea780000,0x00000000ea780000,0x00000000eb380000)
 ParOldGen       total 40448K, used 11912K [0x00000000a0000000, 0x00000000a2780000, 0x00000000e0000000)
  object space 40448K, 29% used [0x00000000a0000000,0x00000000a0ba22d8,0x00000000a2780000)
 Metaspace       used 34533K, capacity 35202K, committed 35456K, reserved 1079296K
  class space    used 4756K, capacity 4950K, committed 4992K, reserved 1048576K
}
Event: 23.836 GC heap before
{Heap before GC invocations=10 (full 2):
 PSYoungGen      total 182272K, used 10433K [0x00000000e0000000, 0x00000000eec00000, 0x0000000100000000)
  eden space 171520K, 0% used [0x00000000e0000000,0x00000000e0000000,0x00000000ea780000)
  from space 10752K, 97% used [0x00000000eb380000,0x00000000ebdb06c0,0x00000000ebe00000)
  to   space 12288K, 0% used [0x00000000ea780000,0x00000000ea780000,0x00000000eb380000)
 ParOldGen       total 40448K, used 11912K [0x00000000a0000000, 0x00000000a2780000, 0x00000000e0000000)
  object space 40448K, 29% used [0x00000000a0000000,0x00000000a0ba22d8,0x00000000a2780000)
 Metaspace       used 34533K, capacity 35202K, committed 35456K, reserved 1079296K
  class space    used 4756K, capacity 4950K, committed 4992K, reserved 1048576K
Event: 23.966 GC heap after
Heap after GC invocations=10 (full 2):
 PSYoungGen      total 182272K, used 0K [0x00000000e0000000, 0x00000000eec00000, 0x0000000100000000)
  eden space 171520K, 0% used [0x00000000e0000000,0x00000000e0000000,0x00000000ea780000)
  from space 10752K, 0% used [0x00000000eb380000,0x00000000eb380000,0x00000000ebe00000)
  to   space 12288K, 0% used [0x00000000ea780000,0x00000000ea780000,0x00000000eb380000)
 ParOldGen       total 52736K, used 17702K [0x00000000a0000000, 0x00000000a3380000, 0x00000000e0000000)
  object space 52736K, 33% used [0x00000000a0000000,0x00000000a1149a88,0x00000000a3380000)
 Metaspace       used 34533K, capacity 35202K, committed 35456K, reserved 1079296K
  class space    used 4756K, capacity 4950K, committed 4992K, reserved 1048576K
}
Event: 27.850 GC heap before
{Heap before GC invocations=11 (full 2):
 PSYoungGen      total 182272K, used 171520K [0x00000000e0000000, 0x00000000eec00000, 0x0000000100000000)
  eden space 171520K, 100% used [0x00000000e0000000,0x00000000ea780000,0x00000000ea780000)
  from space 10752K, 0% used [0x00000000eb380000,0x00000000eb380000,0x00000000ebe00000)
  to   space 12288K, 0% used [0x00000000ea780000,0x00000000ea780000,0x00000000eb380000)
 ParOldGen       total 52736K, used 17702K [0x00000000a0000000, 0x00000000a3380000, 0x00000000e0000000)
  object space 52736K, 33% used [0x00000000a0000000,0x00000000a1149a88,0x00000000a3380000)
 Metaspace       used 44623K, capacity 45804K, committed 45952K, reserved 1089536K
  class space    used 6145K, capacity 6428K, committed 6528K, reserved 1048576K

