# JRE version: Java(TM) SE Runtime Environment (8.0_121-b13) (build 1.8.0_121-b13)
# Java VM: Java HotSpot(TM) 64-Bit Server VM (25.121-b13 mixed mode windows-amd64 compressed oops)
Heap:
 PSYoungGen      total 265216K, used 109648K [0x00000000e0000000, 0x00000000f5900000, 0x0000000100000000)
  eden space 251904K, 40% used [0x00000000e0000000,0x00000000e63702e8,0x00000000ef600000)
  from space 13312K, 58% used [0x00000000ef600000,0x00000000efda4050,0x00000000f0300000)
  to   space 12800K, 0% used [0x00000000f4c80000,0x00000000f4c80000,0x00000000f5900000)
 ParOldGen       total 53248K, used 37581K [0x00000000a0000000, 0x00000000a3400000, 0x00000000e0000000)
  object space 53248K, 70% used [0x00000000a0000000,0x00000000a24b37e0,0x00000000a3400000)
 Metaspace       used 57270K, capacity 58812K, committed 59136K, reserved 1099776K
  class space    used 7507K, capacity 7830K, committed 7936K, reserved 1048576K
GC Heap History (10 events):
Event: 15.342 GC heap before
{Heap before GC invocations=14 (full 2):
 PSYoungGen      total 146432K, used 146296K [0x00000000e0000000, 0x00000000ed480000, 0x0000000100000000)
  eden space 135168K, 100% used [0x00000000e0000000,0x00000000e8400000,0x00000000e8400000)
  from space 11264K, 98% used [0x00000000e8400000,0x00000000e8ede108,0x00000000e8f00000)
  to   space 12800K, 0% used [0x00000000ec800000,0x00000000ec800000,0x00000000ed480000)
 ParOldGen       total 53248K, used 19118K [0x00000000a0000000, 0x00000000a3400000, 0x00000000e0000000)
  object space 53248K, 35% used [0x00000000a0000000,0x00000000a12ab810,0x00000000a3400000)
 Metaspace       used 49636K, capacity 50822K, committed 51072K, reserved 1093632K
  class space    used 6756K, capacity 7007K, committed 7040K, reserved 1048576K
Event: 15.372 GC heap after
Heap after GC invocations=14 (full 2):
 PSYoungGen      total 200192K, used 12572K [0x00000000e0000000, 0x00000000ed480000, 0x0000000100000000)
  eden space 187392K, 0% used [0x00000000e0000000,0x00000000e0000000,0x00000000eb700000)
  from space 12800K, 98% used [0x00000000ec800000,0x00000000ed447080,0x00000000ed480000)
  to   space 14336K, 0% used [0x00000000eb880000,0x00000000eb880000,0x00000000ec680000)
 ParOldGen       total 53248K, used 24979K [0x00000000a0000000, 0x00000000a3400000, 0x00000000e0000000)
  object space 53248K, 46% used [0x00000000a0000000,0x00000000a1864f28,0x00000000a3400000)
 Metaspace       used 49636K, capacity 50822K, committed 51072K, reserved 1093632K
  class space    used 6756K, capacity 7007K, committed 7040K, reserved 1048576K
}
Event: 22.510 GC heap before
{Heap before GC invocations=15 (full 2):
 PSYoungGen      total 200192K, used 199964K [0x00000000e0000000, 0x00000000ed480000, 0x0000000100000000)
  eden space 187392K, 100% used [0x00000000e0000000,0x00000000eb700000,0x00000000eb700000)
  from space 12800K, 98% used [0x00000000ec800000,0x00000000ed447080,0x00000000ed480000)
  to   space 14336K, 0% used [0x00000000eb880000,0x00000000eb880000,0x00000000ec680000)
 ParOldGen       total 53248K, used 24979K [0x00000000a0000000, 0x00000000a3400000, 0x00000000e0000000)
  object space 53248K, 46% used [0x00000000a0000000,0x00000000a1864f28,0x00000000a3400000)
 Metaspace       used 53700K, capacity 54940K, committed 55168K, reserved 1097728K
  class space    used 7196K, capacity 7434K, committed 7552K, reserved 1048576K
Event: 22.533 GC heap after
Heap after GC invocations=15 (full 2):
 PSYoungGen      total 203264K, used 6725K [0x00000000e0000000, 0x00000000f1100000, 0x0000000100000000)
  eden space 188928K, 0% used [0x00000000e0000000,0x00000000e0000000,0x00000000eb880000)
  from space 14336K, 46% used [0x00000000eb880000,0x00000000ebf11738,0x00000000ec680000)
  to   space 13824K, 0% used [0x00000000f0380000,0x00000000f0380000,0x00000000f1100000)
 ParOldGen       total 53248K, used 33305K [0x00000000a0000000, 0x00000000a3400000, 0x00000000e0000000)
  object space 53248K, 62% used [0x00000000a0000000,0x00000000a20867c8,0x00000000a3400000)
 Metaspace       used 53700K, capacity 54940K, committed 55168K, reserved 1097728K
  class space    used 7196K, capacity 7434K, committed 7552K, reserved 1048576K
}
Event: 25.061 GC heap before
{Heap before GC invocations=16 (full 2):
 PSYoungGen      total 203264K, used 121814K [0x00000000e0000000, 0x00000000f1100000, 0x0000000100000000)
  eden space 188928K, 60% used [0x00000000e0000000,0x00000000e7064320,0x00000000eb880000)
  from space 14336K, 46% used [0x00000000eb880000,0x00000000ebf11738,0x00000000ec680000)
  to   space 13824K, 0% used [0x00000000f0380000,0x00000000f0380000,0x00000000f1100000)
 ParOldGen       total 53248K, used 33305K [0x00000000a0000000, 0x00000000a3400000, 0x00000000e0000000)
  object space 53248K, 62% used [0x00000000a0000000,0x00000000a20867c8,0x00000000a3400000)
 Metaspace       used 56210K, capacity 57644K, committed 57728K, reserved 1099776K
  class space    used 7467K, capacity 7754K, committed 7808K, reserved 1048576K
Event: 25.097 GC heap after
Heap after GC invocations=16 (full 2):
 PSYoungGen      total 264704K, used 7148K [0x00000000e0000000, 0x00000000f1000000, 0x0000000100000000)
  eden space 251904K, 0% used [0x00000000e0000000,0x00000000e0000000,0x00000000ef600000)
  from space 12800K, 55% used [0x00000000f0380000,0x00000000f0a7b140,0x00000000f1000000)
  to   space 13312K, 0% used [0x00000000ef600000,0x00000000ef600000,0x00000000f0300000)
 ParOldGen       total 53248K, used 37220K [0x00000000a0000000, 0x00000000a3400000, 0x00000000e0000000)
  object space 53248K, 69% used [0x00000000a0000000,0x00000000a2459158,0x00000000a3400000)
 Metaspace       used 56210K, capacity 57644K, committed 57728K, reserved 1099776K
  class space    used 7467K, capacity 7754K, committed 7808K, reserved 1048576K
}
Event: 25.097 GC heap before
{Heap before GC invocations=17 (full 3):
 PSYoungGen      total 264704K, used 7148K [0x00000000e0000000, 0x00000000f1000000, 0x0000000100000000)
  eden space 251904K, 0% used [0x00000000e0000000,0x00000000e0000000,0x00000000ef600000)
  from space 12800K, 55% used [0x00000000f0380000,0x00000000f0a7b140,0x00000000f1000000)
  to   space 13312K, 0% used [0x00000000ef600000,0x00000000ef600000,0x00000000f0300000)
 ParOldGen       total 53248K, used 37220K [0x00000000a0000000, 0x00000000a3400000, 0x00000000e0000000)
  object space 53248K, 69% used [0x00000000a0000000,0x00000000a2459158,0x00000000a3400000)
 Metaspace       used 56210K, capacity 57644K, committed 57728K, reserved 1099776K
  class space    used 7467K, capacity 7754K, committed 7808K, reserved 1048576K
Event: 25.411 GC heap after
Heap after GC invocations=17 (full 3):
 PSYoungGen      total 264704K, used 0K [0x00000000e0000000, 0x00000000f1000000, 0x0000000100000000)
  eden space 251904K, 0% used [0x00000000e0000000,0x00000000e0000000,0x00000000ef600000)
  from space 12800K, 0% used [0x00000000f0380000,0x00000000f0380000,0x00000000f1000000)
  to   space 13312K, 0% used [0x00000000ef600000,0x00000000ef600000,0x00000000f0300000)
 ParOldGen       total 53248K, used 37573K [0x00000000a0000000, 0x00000000a3400000, 0x00000000e0000000)
  object space 53248K, 70% used [0x00000000a0000000,0x00000000a24b17e0,0x00000000a3400000)
 Metaspace       used 56209K, capacity 57638K, committed 57728K, reserved 1099776K
  class space    used 7467K, capacity 7753K, committed 7808K, reserved 1048576K
}
Event: 220.711 GC heap before
{Heap before GC invocations=18 (full 3):
 PSYoungGen      total 264704K, used 251904K [0x00000000e0000000, 0x00000000f1000000, 0x0000000100000000)
  eden space 251904K, 100% used [0x00000000e0000000,0x00000000ef600000,0x00000000ef600000)
  from space 12800K, 0% used [0x00000000f0380000,0x00000000f0380000,0x00000000f1000000)
  to   space 13312K, 0% used [0x00000000ef600000,0x00000000ef600000,0x00000000f0300000)
 ParOldGen       total 53248K, used 37573K [0x00000000a0000000, 0x00000000a3400000, 0x00000000e0000000)
  object space 53248K, 70% used [0x00000000a0000000,0x00000000a24b17e0,0x00000000a3400000)
 Metaspace       used 57150K, capacity 58730K, committed 58880K, reserved 1099776K
  class space    used 7504K, capacity 7827K, committed 7936K, reserved 1048576K
Event: 220.725 GC heap after
Heap after GC invocations=18 (full 3):
 PSYoungGen      total 265216K, used 7824K [0x00000000e0000000, 0x00000000f5900000, 0x0000000100000000)
  eden space 251904K, 0% used [0x00000000e0000000,0x00000000e0000000,0x00000000ef600000)
  from space 13312K, 58% used [0x00000000ef600000,0x00000000efda4050,0x00000000f0300000)
  to   space 12800K, 0% used [0x00000000f4c80000,0x00000000f4c80000,0x00000000f5900000)
 ParOldGen       total 53248K, used 37581K [0x00000000a0000000, 0x00000000a3400000, 0x00000000e0000000)
  object space 53248K, 70% used [0x00000000a0000000,0x00000000a24b37e0,0x00000000a3400000)
 Metaspace       used 57150K, capacity 58730K, committed 58880K, reserved 1099776K
  class space    used 7504K, capacity 7827K, committed 7936K, reserved 1048576K
}

