# JRE version: Java(TM) SE Runtime Environment (8.0_121-b13) (build 1.8.0_121-b13)
# Java VM: Java HotSpot(TM) 64-Bit Server VM (25.121-b13 mixed mode windows-amd64 compressed oops)
Heap:
 PSYoungGen      total 254976K, used 17146K [0x00000000e0000000, 0x00000000f7780000, 0x0000000100000000)
  eden space 242688K, 2% used [0x00000000e0000000,0x00000000e04c62d8,0x00000000eed00000)
  from space 12288K, 99% used [0x00000000eed00000,0x00000000ef8f88d0,0x00000000ef900000)
  to   space 18944K, 0% used [0x00000000f6500000,0x00000000f6500000,0x00000000f7780000)
 ParOldGen       total 43520K, used 27651K [0x00000000a0000000, 0x00000000a2a80000, 0x00000000e0000000)
  object space 43520K, 63% used [0x00000000a0000000,0x00000000a1b00fc8,0x00000000a2a80000)
 Metaspace       used 49125K, capacity 50564K, committed 50688K, reserved 1093632K
  class space    used 6792K, capacity 7098K, committed 7168K, reserved 1048576K
GC Heap History (10 events):
Event: 20.462 GC heap before
{Heap before GC invocations=7 (full 1):
 PSYoungGen      total 68096K, used 65536K [0x00000000e0000000, 0x00000000e9200000, 0x0000000100000000)
  eden space 65536K, 100% used [0x00000000e0000000,0x00000000e4000000,0x00000000e4000000)
  from space 2560K, 0% used [0x00000000e4000000,0x00000000e4000000,0x00000000e4280000)
  to   space 9216K, 0% used [0x00000000e8900000,0x00000000e8900000,0x00000000e9200000)
 ParOldGen       total 33792K, used 9848K [0x00000000a0000000, 0x00000000a2100000, 0x00000000e0000000)
  object space 33792K, 29% used [0x00000000a0000000,0x00000000a099e038,0x00000000a2100000)
 Metaspace       used 25942K, capacity 26494K, committed 26624K, reserved 1073152K
  class space    used 3660K, capacity 3811K, committed 3840K, reserved 1048576K
Event: 20.472 GC heap after
Heap after GC invocations=7 (full 1):
 PSYoungGen      total 134656K, used 7670K [0x00000000e0000000, 0x00000000e9080000, 0x0000000100000000)
  eden space 126976K, 0% used [0x00000000e0000000,0x00000000e0000000,0x00000000e7c00000)
  from space 7680K, 99% used [0x00000000e8900000,0x00000000e907db78,0x00000000e9080000)
  to   space 10240K, 0% used [0x00000000e7c80000,0x00000000e7c80000,0x00000000e8680000)
 ParOldGen       total 33792K, used 9848K [0x00000000a0000000, 0x00000000a2100000, 0x00000000e0000000)
  object space 33792K, 29% used [0x00000000a0000000,0x00000000a099e038,0x00000000a2100000)
 Metaspace       used 25942K, capacity 26494K, committed 26624K, reserved 1073152K
  class space    used 3660K, capacity 3811K, committed 3840K, reserved 1048576K
}
Event: 25.327 GC heap before
{Heap before GC invocations=8 (full 1):
 PSYoungGen      total 134656K, used 134646K [0x00000000e0000000, 0x00000000e9080000, 0x0000000100000000)
  eden space 126976K, 100% used [0x00000000e0000000,0x00000000e7c00000,0x00000000e7c00000)
  from space 7680K, 99% used [0x00000000e8900000,0x00000000e907db78,0x00000000e9080000)
  to   space 10240K, 0% used [0x00000000e7c80000,0x00000000e7c80000,0x00000000e8680000)
 ParOldGen       total 33792K, used 9848K [0x00000000a0000000, 0x00000000a2100000, 0x00000000e0000000)
  object space 33792K, 29% used [0x00000000a0000000,0x00000000a099e038,0x00000000a2100000)
 Metaspace       used 32398K, capacity 33092K, committed 33408K, reserved 1077248K
  class space    used 4505K, capacity 4689K, committed 4736K, reserved 1048576K
Event: 25.341 GC heap after
Heap after GC invocations=8 (full 1):
 PSYoungGen      total 137728K, used 10229K [0x00000000e0000000, 0x00000000f0600000, 0x0000000100000000)
  eden space 127488K, 0% used [0x00000000e0000000,0x00000000e0000000,0x00000000e7c80000)
  from space 10240K, 99% used [0x00000000e7c80000,0x00000000e867d680,0x00000000e8680000)
  to   space 12288K, 0% used [0x00000000efa00000,0x00000000efa00000,0x00000000f0600000)
 ParOldGen       total 33792K, used 10127K [0x00000000a0000000, 0x00000000a2100000, 0x00000000e0000000)
  object space 33792K, 29% used [0x00000000a0000000,0x00000000a09e3f40,0x00000000a2100000)
 Metaspace       used 32398K, capacity 33092K, committed 33408K, reserved 1077248K
  class space    used 4505K, capacity 4689K, committed 4736K, reserved 1048576K
}
Event: 26.523 GC heap before
{Heap before GC invocations=9 (full 1):
 PSYoungGen      total 137728K, used 58332K [0x00000000e0000000, 0x00000000f0600000, 0x0000000100000000)
  eden space 127488K, 37% used [0x00000000e0000000,0x00000000e2ef9a60,0x00000000e7c80000)
  from space 10240K, 99% used [0x00000000e7c80000,0x00000000e867d680,0x00000000e8680000)
  to   space 12288K, 0% used [0x00000000efa00000,0x00000000efa00000,0x00000000f0600000)
 ParOldGen       total 33792K, used 10127K [0x00000000a0000000, 0x00000000a2100000, 0x00000000e0000000)
  object space 33792K, 29% used [0x00000000a0000000,0x00000000a09e3f40,0x00000000a2100000)
 Metaspace       used 34579K, capacity 35340K, committed 35456K, reserved 1079296K
  class space    used 4773K, capacity 4987K, committed 4992K, reserved 1048576K
Event: 26.539 GC heap after
Heap after GC invocations=9 (full 1):
 PSYoungGen      total 253952K, used 8373K [0x00000000e0000000, 0x00000000f0500000, 0x0000000100000000)
  eden space 242688K, 0% used [0x00000000e0000000,0x00000000e0000000,0x00000000eed00000)
  from space 11264K, 74% used [0x00000000efa00000,0x00000000f022d670,0x00000000f0500000)
  to   space 12288K, 0% used [0x00000000eed00000,0x00000000eed00000,0x00000000ef900000)
 ParOldGen       total 33792K, used 10127K [0x00000000a0000000, 0x00000000a2100000, 0x00000000e0000000)
  object space 33792K, 29% used [0x00000000a0000000,0x00000000a09e3f40,0x00000000a2100000)
 Metaspace       used 34579K, capacity 35340K, committed 35456K, reserved 1079296K
  class space    used 4773K, capacity 4987K, committed 4992K, reserved 1048576K
}
Event: 26.539 GC heap before
{Heap before GC invocations=10 (full 2):
 PSYoungGen      total 253952K, used 8373K [0x00000000e0000000, 0x00000000f0500000, 0x0000000100000000)
  eden space 242688K, 0% used [0x00000000e0000000,0x00000000e0000000,0x00000000eed00000)
  from space 11264K, 74% used [0x00000000efa00000,0x00000000f022d670,0x00000000f0500000)
  to   space 12288K, 0% used [0x00000000eed00000,0x00000000eed00000,0x00000000ef900000)
 ParOldGen       total 33792K, used 10127K [0x00000000a0000000, 0x00000000a2100000, 0x00000000e0000000)
  object space 33792K, 29% used [0x00000000a0000000,0x00000000a09e3f40,0x00000000a2100000)
 Metaspace       used 34579K, capacity 35340K, committed 35456K, reserved 1079296K
  class space    used 4773K, capacity 4987K, committed 4992K, reserved 1048576K
Event: 26.688 GC heap after
Heap after GC invocations=10 (full 2):
 PSYoungGen      total 253952K, used 0K [0x00000000e0000000, 0x00000000f0500000, 0x0000000100000000)
  eden space 242688K, 0% used [0x00000000e0000000,0x00000000e0000000,0x00000000eed00000)
  from space 11264K, 0% used [0x00000000efa00000,0x00000000efa00000,0x00000000f0500000)
  to   space 12288K, 0% used [0x00000000eed00000,0x00000000eed00000,0x00000000ef900000)
 ParOldGen       total 43520K, used 15943K [0x00000000a0000000, 0x00000000a2a80000, 0x00000000e0000000)
  object space 43520K, 36% used [0x00000000a0000000,0x00000000a0f91f30,0x00000000a2a80000)
 Metaspace       used 34579K, capacity 35340K, committed 35456K, reserved 1079296K
  class space    used 4773K, capacity 4987K, committed 4992K, reserved 1048576K
}
Event: 35.676 GC heap before
{Heap before GC invocations=11 (full 2):
 PSYoungGen      total 253952K, used 242688K [0x00000000e0000000, 0x00000000f0500000, 0x0000000100000000)
  eden space 242688K, 100% used [0x00000000e0000000,0x00000000eed00000,0x00000000eed00000)
  from space 11264K, 0% used [0x00000000efa00000,0x00000000efa00000,0x00000000f0500000)
  to   space 12288K, 0% used [0x00000000eed00000,0x00000000eed00000,0x00000000ef900000)
 ParOldGen       total 43520K, used 15943K [0x00000000a0000000, 0x00000000a2a80000, 0x00000000e0000000)
  object space 43520K, 36% used [0x00000000a0000000,0x00000000a0f91f30,0x00000000a2a80000)
 Metaspace       used 49006K, capacity 50372K, committed 50560K, reserved 1093632K
  class space    used 6770K, capacity 7034K, committed 7040K, reserved 1048576K
Event: 35.715 GC heap after
Heap after GC invocations=11 (full 2):
 PSYoungGen      total 254976K, used 12258K [0x00000000e0000000, 0x00000000f7780000, 0x0000000100000000)
  eden space 242688K, 0% used [0x00000000e0000000,0x00000000e0000000,0x00000000eed00000)
  from space 12288K, 99% used [0x00000000eed00000,0x00000000ef8f88d0,0x00000000ef900000)
  to   space 18944K, 0% used [0x00000000f6500000,0x00000000f6500000,0x00000000f7780000)
 ParOldGen       total 43520K, used 27651K [0x00000000a0000000, 0x00000000a2a80000, 0x00000000e0000000)
  object space 43520K, 63% used [0x00000000a0000000,0x00000000a1b00fc8,0x00000000a2a80000)
 Metaspace       used 49006K, capacity 50372K, committed 50560K, reserved 1093632K
  class space    used 6770K, capacity 7034K, committed 7040K, reserved 1048576K
}

