# JRE version: Java(TM) SE Runtime Environment (8.0_121-b13) (build 1.8.0_121-b13)
# Java VM: Java HotSpot(TM) 64-Bit Server VM (25.121-b13 mixed mode windows-amd64 compressed oops)
Heap:
 PSYoungGen      total 153600K, used 109047K [0x00000000e0000000, 0x00000000ea900000, 0x0000000100000000)
  eden space 143872K, 69% used [0x00000000e0000000,0x00000000e617c550,0x00000000e8c80000)
  from space 9728K, 94% used [0x00000000e9f80000,0x00000000ea881748,0x00000000ea900000)
  to   space 12288K, 0% used [0x00000000e9100000,0x00000000e9100000,0x00000000e9d00000)
 ParOldGen       total 55808K, used 19161K [0x00000000a0000000, 0x00000000a3680000, 0x00000000e0000000)
  object space 55808K, 34% used [0x00000000a0000000,0x00000000a12b6638,0x00000000a3680000)
 Metaspace       used 46250K, capacity 47458K, committed 47616K, reserved 1089536K
  class space    used 6382K, capacity 6631K, committed 6656K, reserved 1048576K
GC Heap History (10 events):
Event: 5.286 GC heap before
{Heap before GC invocations=8 (full 1):
 PSYoungGen      total 73216K, used 65536K [0x00000000e0000000, 0x00000000e5000000, 0x0000000100000000)
  eden space 65536K, 100% used [0x00000000e0000000,0x00000000e4000000,0x00000000e4000000)
  from space 7680K, 0% used [0x00000000e4880000,0x00000000e4880000,0x00000000e5000000)
  to   space 8192K, 0% used [0x00000000e4000000,0x00000000e4000000,0x00000000e4800000)
 ParOldGen       total 38400K, used 11113K [0x00000000a0000000, 0x00000000a2580000, 0x00000000e0000000)
  object space 38400K, 28% used [0x00000000a0000000,0x00000000a0ada440,0x00000000a2580000)
 Metaspace       used 25898K, capacity 26340K, committed 26624K, reserved 1073152K
  class space    used 3665K, capacity 3800K, committed 3840K, reserved 1048576K
Event: 5.305 GC heap after
Heap after GC invocations=8 (full 1):
 PSYoungGen      total 73728K, used 7492K [0x00000000e0000000, 0x00000000e7d80000, 0x0000000100000000)
  eden space 65536K, 0% used [0x00000000e0000000,0x00000000e0000000,0x00000000e4000000)
  from space 8192K, 91% used [0x00000000e4000000,0x00000000e4751208,0x00000000e4800000)
  to   space 9216K, 0% used [0x00000000e7480000,0x00000000e7480000,0x00000000e7d80000)
 ParOldGen       total 38400K, used 11113K [0x00000000a0000000, 0x00000000a2580000, 0x00000000e0000000)
  object space 38400K, 28% used [0x00000000a0000000,0x00000000a0ada440,0x00000000a2580000)
 Metaspace       used 25898K, capacity 26340K, committed 26624K, reserved 1073152K
  class space    used 3665K, capacity 3800K, committed 3840K, reserved 1048576K
}
Event: 6.804 GC heap before
{Heap before GC invocations=9 (full 1):
 PSYoungGen      total 73728K, used 73028K [0x00000000e0000000, 0x00000000e7d80000, 0x0000000100000000)
  eden space 65536K, 100% used [0x00000000e0000000,0x00000000e4000000,0x00000000e4000000)
  from space 8192K, 91% used [0x00000000e4000000,0x00000000e4751208,0x00000000e4800000)
  to   space 9216K, 0% used [0x00000000e7480000,0x00000000e7480000,0x00000000e7d80000)
 ParOldGen       total 38400K, used 11113K [0x00000000a0000000, 0x00000000a2580000, 0x00000000e0000000)
  object space 38400K, 28% used [0x00000000a0000000,0x00000000a0ada440,0x00000000a2580000)
 Metaspace       used 27842K, capacity 28316K, committed 28672K, reserved 1073152K
  class space    used 3895K, capacity 4028K, committed 4096K, reserved 1048576K
Event: 6.844 GC heap after
Heap after GC invocations=9 (full 1):
 PSYoungGen      total 117248K, used 5355K [0x00000000e0000000, 0x00000000e7c80000, 0x0000000100000000)
  eden space 109056K, 0% used [0x00000000e0000000,0x00000000e0000000,0x00000000e6a80000)
  from space 8192K, 65% used [0x00000000e7480000,0x00000000e79baec8,0x00000000e7c80000)
  to   space 9216K, 0% used [0x00000000e6a80000,0x00000000e6a80000,0x00000000e7380000)
 ParOldGen       total 38400K, used 11113K [0x00000000a0000000, 0x00000000a2580000, 0x00000000e0000000)
  object space 38400K, 28% used [0x00000000a0000000,0x00000000a0ada440,0x00000000a2580000)
 Metaspace       used 27842K, capacity 28316K, committed 28672K, reserved 1073152K
  class space    used 3895K, capacity 4028K, committed 4096K, reserved 1048576K
}
Event: 8.787 GC heap before
{Heap before GC invocations=10 (full 1):
 PSYoungGen      total 117248K, used 113809K [0x00000000e0000000, 0x00000000e7c80000, 0x0000000100000000)
  eden space 109056K, 99% used [0x00000000e0000000,0x00000000e69e97c0,0x00000000e6a80000)
  from space 8192K, 65% used [0x00000000e7480000,0x00000000e79baec8,0x00000000e7c80000)
  to   space 9216K, 0% used [0x00000000e6a80000,0x00000000e6a80000,0x00000000e7380000)
 ParOldGen       total 38400K, used 11113K [0x00000000a0000000, 0x00000000a2580000, 0x00000000e0000000)
  object space 38400K, 28% used [0x00000000a0000000,0x00000000a0ada440,0x00000000a2580000)
 Metaspace       used 34608K, capacity 35122K, committed 35456K, reserved 1079296K
  class space    used 4764K, capacity 4912K, committed 4992K, reserved 1048576K
Event: 8.833 GC heap after
Heap after GC invocations=10 (full 1):
 PSYoungGen      total 118272K, used 9213K [0x00000000e0000000, 0x00000000eab00000, 0x0000000100000000)
  eden space 109056K, 0% used [0x00000000e0000000,0x00000000e0000000,0x00000000e6a80000)
  from space 9216K, 99% used [0x00000000e6a80000,0x00000000e737f498,0x00000000e7380000)
  to   space 11776K, 0% used [0x00000000e9f80000,0x00000000e9f80000,0x00000000eab00000)
 ParOldGen       total 38400K, used 14587K [0x00000000a0000000, 0x00000000a2580000, 0x00000000e0000000)
  object space 38400K, 37% used [0x00000000a0000000,0x00000000a0e3eda8,0x00000000a2580000)
 Metaspace       used 34608K, capacity 35122K, committed 35456K, reserved 1079296K
  class space    used 4764K, capacity 4912K, committed 4992K, reserved 1048576K
}
Event: 8.833 GC heap before
{Heap before GC invocations=11 (full 2):
 PSYoungGen      total 118272K, used 9213K [0x00000000e0000000, 0x00000000eab00000, 0x0000000100000000)
  eden space 109056K, 0% used [0x00000000e0000000,0x00000000e0000000,0x00000000e6a80000)
  from space 9216K, 99% used [0x00000000e6a80000,0x00000000e737f498,0x00000000e7380000)
  to   space 11776K, 0% used [0x00000000e9f80000,0x00000000e9f80000,0x00000000eab00000)
 ParOldGen       total 38400K, used 14587K [0x00000000a0000000, 0x00000000a2580000, 0x00000000e0000000)
  object space 38400K, 37% used [0x00000000a0000000,0x00000000a0e3eda8,0x00000000a2580000)
 Metaspace       used 34608K, capacity 35122K, committed 35456K, reserved 1079296K
  class space    used 4764K, capacity 4912K, committed 4992K, reserved 1048576K
Event: 8.969 GC heap after
Heap after GC invocations=11 (full 2):
 PSYoungGen      total 118272K, used 0K [0x00000000e0000000, 0x00000000eab00000, 0x0000000100000000)
  eden space 109056K, 0% used [0x00000000e0000000,0x00000000e0000000,0x00000000e6a80000)
  from space 9216K, 0% used [0x00000000e6a80000,0x00000000e6a80000,0x00000000e7380000)
  to   space 11776K, 0% used [0x00000000e9f80000,0x00000000e9f80000,0x00000000eab00000)
 ParOldGen       total 55808K, used 19153K [0x00000000a0000000, 0x00000000a3680000, 0x00000000e0000000)
  object space 55808K, 34% used [0x00000000a0000000,0x00000000a12b4638,0x00000000a3680000)
 Metaspace       used 34608K, capacity 35122K, committed 35456K, reserved 1079296K
  class space    used 4764K, capacity 4912K, committed 4992K, reserved 1048576K
}
Event: 10.731 GC heap before
{Heap before GC invocations=12 (full 2):
 PSYoungGen      total 118272K, used 109056K [0x00000000e0000000, 0x00000000eab00000, 0x0000000100000000)
  eden space 109056K, 100% used [0x00000000e0000000,0x00000000e6a80000,0x00000000e6a80000)
  from space 9216K, 0% used [0x00000000e6a80000,0x00000000e6a80000,0x00000000e7380000)
  to   space 11776K, 0% used [0x00000000e9f80000,0x00000000e9f80000,0x00000000eab00000)
 ParOldGen       total 55808K, used 19153K [0x00000000a0000000, 0x00000000a3680000, 0x00000000e0000000)
  object space 55808K, 34% used [0x00000000a0000000,0x00000000a12b4638,0x00000000a3680000)
 Metaspace       used 41437K, capacity 42214K, committed 42496K, reserved 1085440K
  class space    used 5673K, capacity 5859K, committed 5888K, reserved 1048576K
Event: 10.744 GC heap after
Heap after GC invocations=12 (full 2):
 PSYoungGen      total 153600K, used 9221K [0x00000000e0000000, 0x00000000ea900000, 0x0000000100000000)
  eden space 143872K, 0% used [0x00000000e0000000,0x00000000e0000000,0x00000000e8c80000)
  from space 9728K, 94% used [0x00000000e9f80000,0x00000000ea881748,0x00000000ea900000)
  to   space 12288K, 0% used [0x00000000e9100000,0x00000000e9100000,0x00000000e9d00000)
 ParOldGen       total 55808K, used 19161K [0x00000000a0000000, 0x00000000a3680000, 0x00000000e0000000)
  object space 55808K, 34% used [0x00000000a0000000,0x00000000a12b6638,0x00000000a3680000)
 Metaspace       used 41437K, capacity 42214K, committed 42496K, reserved 1085440K
  class space    used 5673K, capacity 5859K, committed 5888K, reserved 1048576K
}

