# JRE version: Java(TM) SE Runtime Environment (8.0_121-b13) (build 1.8.0_121-b13)
# Java VM: Java HotSpot(TM) 64-Bit Server VM (25.121-b13 mixed mode windows-amd64 compressed oops)
Heap:
 PSYoungGen      total 323584K, used 86971K [0x00000000e0000000, 0x00000000f5580000, 0x0000000100000000)
  eden space 315904K, 27% used [0x00000000e0000000,0x00000000e54eeec0,0x00000000f3480000)
  from space 7680K, 0% used [0x00000000f3480000,0x00000000f3480000,0x00000000f3c00000)
  to   space 16896K, 0% used [0x00000000f4500000,0x00000000f4500000,0x00000000f5580000)
 ParOldGen       total 101376K, used 54054K [0x00000000a0000000, 0x00000000a6300000, 0x00000000e0000000)
  object space 101376K, 53% used [0x00000000a0000000,0x00000000a34c99d8,0x00000000a6300000)
 Metaspace       used 68488K, capacity 71206K, committed 71424K, reserved 1112064K
  class space    used 9157K, capacity 9700K, committed 9728K, reserved 1048576K
GC Heap History (10 events):
Event: 78.204 GC heap before
{Heap before GC invocations=18 (full 4):
 PSYoungGen      total 263168K, used 10376K [0x00000000e0000000, 0x00000000f1a00000, 0x0000000100000000)
  eden space 252416K, 0% used [0x00000000e0000000,0x00000000e0000000,0x00000000ef680000)
  from space 10752K, 96% used [0x00000000f0f80000,0x00000000f19a2280,0x00000000f1a00000)
  to   space 17408K, 0% used [0x00000000ef800000,0x00000000ef800000,0x00000000f0900000)
 ParOldGen       total 54784K, used 45702K [0x00000000a0000000, 0x00000000a3580000, 0x00000000e0000000)
  object space 54784K, 83% used [0x00000000a0000000,0x00000000a2ca19f8,0x00000000a3580000)
 Metaspace       used 62252K, capacity 64614K, committed 64896K, reserved 1105920K
  class space    used 8464K, capacity 8982K, committed 9088K, reserved 1048576K
Event: 78.392 GC heap after
Heap after GC invocations=18 (full 4):
 PSYoungGen      total 263168K, used 0K [0x00000000e0000000, 0x00000000f1a00000, 0x0000000100000000)
  eden space 252416K, 0% used [0x00000000e0000000,0x00000000e0000000,0x00000000ef680000)
  from space 10752K, 0% used [0x00000000f0f80000,0x00000000f0f80000,0x00000000f1a00000)
  to   space 17408K, 0% used [0x00000000ef800000,0x00000000ef800000,0x00000000f0900000)
 ParOldGen       total 101376K, used 52772K [0x00000000a0000000, 0x00000000a6300000, 0x00000000e0000000)
  object space 101376K, 52% used [0x00000000a0000000,0x00000000a33893d8,0x00000000a6300000)
 Metaspace       used 62252K, capacity 64614K, committed 64896K, reserved 1105920K
  class space    used 8464K, capacity 8982K, committed 9088K, reserved 1048576K
}
Event: 81.957 GC heap before
{Heap before GC invocations=19 (full 4):
 PSYoungGen      total 263168K, used 251870K [0x00000000e0000000, 0x00000000f1a00000, 0x0000000100000000)
  eden space 252416K, 99% used [0x00000000e0000000,0x00000000ef5f78b0,0x00000000ef680000)
  from space 10752K, 0% used [0x00000000f0f80000,0x00000000f0f80000,0x00000000f1a00000)
  to   space 17408K, 0% used [0x00000000ef800000,0x00000000ef800000,0x00000000f0900000)
 ParOldGen       total 101376K, used 52772K [0x00000000a0000000, 0x00000000a6300000, 0x00000000e0000000)
  object space 101376K, 52% used [0x00000000a0000000,0x00000000a33893d8,0x00000000a6300000)
 Metaspace       used 66780K, capacity 69236K, committed 69504K, reserved 1110016K
  class space    used 9002K, capacity 9527K, committed 9600K, reserved 1048576K
Event: 81.971 GC heap after
Heap after GC invocations=19 (full 4):
 PSYoungGen      total 271360K, used 13189K [0x00000000e0000000, 0x00000000f5f80000, 0x0000000100000000)
  eden space 253952K, 0% used [0x00000000e0000000,0x00000000e0000000,0x00000000ef800000)
  from space 17408K, 75% used [0x00000000ef800000,0x00000000f04e1460,0x00000000f0900000)
  to   space 17920K, 0% used [0x00000000f4e00000,0x00000000f4e00000,0x00000000f5f80000)
 ParOldGen       total 101376K, used 53044K [0x00000000a0000000, 0x00000000a6300000, 0x00000000e0000000)
  object space 101376K, 52% used [0x00000000a0000000,0x00000000a33cd3f0,0x00000000a6300000)
 Metaspace       used 66780K, capacity 69236K, committed 69504K, reserved 1110016K
  class space    used 9002K, capacity 9527K, committed 9600K, reserved 1048576K
}
Event: 1143.338 GC heap before
{Heap before GC invocations=20 (full 4):
 PSYoungGen      total 271360K, used 267141K [0x00000000e0000000, 0x00000000f5f80000, 0x0000000100000000)
  eden space 253952K, 100% used [0x00000000e0000000,0x00000000ef800000,0x00000000ef800000)
  from space 17408K, 75% used [0x00000000ef800000,0x00000000f04e1460,0x00000000f0900000)
  to   space 17920K, 0% used [0x00000000f4e00000,0x00000000f4e00000,0x00000000f5f80000)
 ParOldGen       total 101376K, used 53044K [0x00000000a0000000, 0x00000000a6300000, 0x00000000e0000000)
  object space 101376K, 52% used [0x00000000a0000000,0x00000000a33cd3f0,0x00000000a6300000)
 Metaspace       used 67257K, capacity 69906K, committed 70016K, reserved 1110016K
  class space    used 9049K, capacity 9598K, committed 9600K, reserved 1048576K
Event: 1144.547 GC heap after
Heap after GC invocations=20 (full 4):
 PSYoungGen      total 324608K, used 6083K [0x00000000e0000000, 0x00000000f5680000, 0x0000000100000000)
  eden space 315904K, 0% used [0x00000000e0000000,0x00000000e0000000,0x00000000f3480000)
  from space 8704K, 69% used [0x00000000f4e00000,0x00000000f53f0c08,0x00000000f5680000)
  to   space 17408K, 0% used [0x00000000f3480000,0x00000000f3480000,0x00000000f4580000)
 ParOldGen       total 101376K, used 53052K [0x00000000a0000000, 0x00000000a6300000, 0x00000000e0000000)
  object space 101376K, 52% used [0x00000000a0000000,0x00000000a33cf3f0,0x00000000a6300000)
 Metaspace       used 67257K, capacity 69906K, committed 70016K, reserved 1110016K
  class space    used 9049K, capacity 9598K, committed 9600K, reserved 1048576K
}
Event: 1158.450 GC heap before
{Heap before GC invocations=21 (full 4):
 PSYoungGen      total 324608K, used 212862K [0x00000000e0000000, 0x00000000f5680000, 0x0000000100000000)
  eden space 315904K, 65% used [0x00000000e0000000,0x00000000ec9eef40,0x00000000f3480000)
  from space 8704K, 69% used [0x00000000f4e00000,0x00000000f53f0c08,0x00000000f5680000)
  to   space 17408K, 0% used [0x00000000f3480000,0x00000000f3480000,0x00000000f4580000)
 ParOldGen       total 101376K, used 53052K [0x00000000a0000000, 0x00000000a6300000, 0x00000000e0000000)
  object space 101376K, 52% used [0x00000000a0000000,0x00000000a33cf3f0,0x00000000a6300000)
 Metaspace       used 68362K, capacity 71066K, committed 71168K, reserved 1110016K
  class space    used 9142K, capacity 9684K, committed 9728K, reserved 1048576K
Event: 1158.533 GC heap after
Heap after GC invocations=21 (full 4):
 PSYoungGen      total 323584K, used 7179K [0x00000000e0000000, 0x00000000f5580000, 0x0000000100000000)
  eden space 315904K, 0% used [0x00000000e0000000,0x00000000e0000000,0x00000000f3480000)
  from space 7680K, 93% used [0x00000000f3480000,0x00000000f3b82d88,0x00000000f3c00000)
  to   space 16896K, 0% used [0x00000000f4500000,0x00000000f4500000,0x00000000f5580000)
 ParOldGen       total 101376K, used 53060K [0x00000000a0000000, 0x00000000a6300000, 0x00000000e0000000)
  object space 101376K, 52% used [0x00000000a0000000,0x00000000a33d13f0,0x00000000a6300000)
 Metaspace       used 68362K, capacity 71066K, committed 71168K, reserved 1110016K
  class space    used 9142K, capacity 9684K, committed 9728K, reserved 1048576K
}
Event: 1158.533 GC heap before
{Heap before GC invocations=22 (full 5):
 PSYoungGen      total 323584K, used 7179K [0x00000000e0000000, 0x00000000f5580000, 0x0000000100000000)
  eden space 315904K, 0% used [0x00000000e0000000,0x00000000e0000000,0x00000000f3480000)
  from space 7680K, 93% used [0x00000000f3480000,0x00000000f3b82d88,0x00000000f3c00000)
  to   space 16896K, 0% used [0x00000000f4500000,0x00000000f4500000,0x00000000f5580000)
 ParOldGen       total 101376K, used 53060K [0x00000000a0000000, 0x00000000a6300000, 0x00000000e0000000)
  object space 101376K, 52% used [0x00000000a0000000,0x00000000a33d13f0,0x00000000a6300000)
 Metaspace       used 68362K, capacity 71066K, committed 71168K, reserved 1110016K
  class space    used 9142K, capacity 9684K, committed 9728K, reserved 1048576K
Event: 1159.708 GC heap after
Heap after GC invocations=22 (full 5):
 PSYoungGen      total 323584K, used 0K [0x00000000e0000000, 0x00000000f5580000, 0x0000000100000000)
  eden space 315904K, 0% used [0x00000000e0000000,0x00000000e0000000,0x00000000f3480000)
  from space 7680K, 0% used [0x00000000f3480000,0x00000000f3480000,0x00000000f3c00000)
  to   space 16896K, 0% used [0x00000000f4500000,0x00000000f4500000,0x00000000f5580000)
 ParOldGen       total 101376K, used 54054K [0x00000000a0000000, 0x00000000a6300000, 0x00000000e0000000)
  object space 101376K, 53% used [0x00000000a0000000,0x00000000a34c99d8,0x00000000a6300000)
 Metaspace       used 68362K, capacity 71066K, committed 71168K, reserved 1110016K
  class space    used 9142K, capacity 9684K, committed 9728K, reserved 1048576K
}

