# JRE version: Java(TM) SE Runtime Environment (8.0_121-b13) (build 1.8.0_121-b13)
# Java VM: Java HotSpot(TM) 64-Bit Server VM (25.121-b13 mixed mode windows-amd64 compressed oops)
Heap:
 PSYoungGen      total 322048K, used 315798K [0x00000000e0000000, 0x00000000f5680000, 0x0000000100000000)
  eden space 304640K, 100% used [0x00000000e0000000,0x00000000f2980000,0x00000000f2980000)
  from space 17408K, 64% used [0x00000000f4080000,0x00000000f4b65ba8,0x00000000f5180000)
  to   space 23040K, 99% used [0x00000000f2980000,0x00000000f3ffa030,0x00000000f4000000)
 ParOldGen       total 101888K, used 79832K [0x00000000a0000000, 0x00000000a6380000, 0x00000000e0000000)
  object space 101888K, 78% used [0x00000000a0000000,0x00000000a4df6028,0x00000000a6380000)
 Metaspace       used 64258K, capacity 66612K, committed 66816K, reserved 1107968K
  class space    used 8635K, capacity 9123K, committed 9216K, reserved 1048576K
GC Heap History (10 events):
Event: 23.386 GC heap after
Heap after GC invocations=14 (full 2):
 PSYoungGen      total 235008K, used 11455K [0x00000000e0000000, 0x00000000ef800000, 0x0000000100000000)
  eden space 217600K, 0% used [0x00000000e0000000,0x00000000e0000000,0x00000000ed480000)
  from space 17408K, 65% used [0x00000000ee600000,0x00000000ef12fde0,0x00000000ef700000)
  to   space 17920K, 0% used [0x00000000ed480000,0x00000000ed480000,0x00000000ee600000)
 ParOldGen       total 54784K, used 38257K [0x00000000a0000000, 0x00000000a3580000, 0x00000000e0000000)
  object space 54784K, 69% used [0x00000000a0000000,0x00000000a255c5c8,0x00000000a3580000)
 Metaspace       used 51808K, capacity 53806K, committed 54016K, reserved 1095680K
  class space    used 7255K, capacity 7672K, committed 7680K, reserved 1048576K
}
Event: 23.386 GC heap before
{Heap before GC invocations=15 (full 3):
 PSYoungGen      total 235008K, used 11455K [0x00000000e0000000, 0x00000000ef800000, 0x0000000100000000)
  eden space 217600K, 0% used [0x00000000e0000000,0x00000000e0000000,0x00000000ed480000)
  from space 17408K, 65% used [0x00000000ee600000,0x00000000ef12fde0,0x00000000ef700000)
  to   space 17920K, 0% used [0x00000000ed480000,0x00000000ed480000,0x00000000ee600000)
 ParOldGen       total 54784K, used 38257K [0x00000000a0000000, 0x00000000a3580000, 0x00000000e0000000)
  object space 54784K, 69% used [0x00000000a0000000,0x00000000a255c5c8,0x00000000a3580000)
 Metaspace       used 51808K, capacity 53806K, committed 54016K, reserved 1095680K
  class space    used 7255K, capacity 7672K, committed 7680K, reserved 1048576K
Event: 23.890 GC heap after
Heap after GC invocations=15 (full 3):
 PSYoungGen      total 235008K, used 0K [0x00000000e0000000, 0x00000000ef800000, 0x0000000100000000)
  eden space 217600K, 0% used [0x00000000e0000000,0x00000000e0000000,0x00000000ed480000)
  from space 17408K, 0% used [0x00000000ee600000,0x00000000ee600000,0x00000000ef700000)
  to   space 17920K, 0% used [0x00000000ed480000,0x00000000ed480000,0x00000000ee600000)
 ParOldGen       total 54784K, used 40646K [0x00000000a0000000, 0x00000000a3580000, 0x00000000e0000000)
  object space 54784K, 74% used [0x00000000a0000000,0x00000000a27b1bb8,0x00000000a3580000)
 Metaspace       used 51808K, capacity 53806K, committed 54016K, reserved 1095680K
  class space    used 7255K, capacity 7672K, committed 7680K, reserved 1048576K
}
Event: 78.489 GC heap before
{Heap before GC invocations=16 (full 3):
 PSYoungGen      total 235008K, used 217600K [0x00000000e0000000, 0x00000000ef800000, 0x0000000100000000)
  eden space 217600K, 100% used [0x00000000e0000000,0x00000000ed480000,0x00000000ed480000)
  from space 17408K, 0% used [0x00000000ee600000,0x00000000ee600000,0x00000000ef700000)
  to   space 17920K, 0% used [0x00000000ed480000,0x00000000ed480000,0x00000000ee600000)
 ParOldGen       total 54784K, used 40646K [0x00000000a0000000, 0x00000000a3580000, 0x00000000e0000000)
  object space 54784K, 74% used [0x00000000a0000000,0x00000000a27b1bb8,0x00000000a3580000)
 Metaspace       used 54675K, capacity 56880K, committed 56960K, reserved 1097728K
  class space    used 7572K, capacity 8017K, committed 8064K, reserved 1048576K
Event: 78.523 GC heap after
Heap after GC invocations=16 (full 3):
 PSYoungGen      total 235520K, used 5940K [0x00000000e0000000, 0x00000000f5180000, 0x0000000100000000)
  eden space 217600K, 0% used [0x00000000e0000000,0x00000000e0000000,0x00000000ed480000)
  from space 17920K, 33% used [0x00000000ed480000,0x00000000eda4d1f0,0x00000000ee600000)
  to   space 17408K, 0% used [0x00000000f4080000,0x00000000f4080000,0x00000000f5180000)
 ParOldGen       total 54784K, used 40654K [0x00000000a0000000, 0x00000000a3580000, 0x00000000e0000000)
  object space 54784K, 74% used [0x00000000a0000000,0x00000000a27b3bb8,0x00000000a3580000)
 Metaspace       used 54675K, capacity 56880K, committed 56960K, reserved 1097728K
  class space    used 7572K, capacity 8017K, committed 8064K, reserved 1048576K
}
Event: 88.513 GC heap before
{Heap before GC invocations=17 (full 3):
 PSYoungGen      total 235520K, used 223540K [0x00000000e0000000, 0x00000000f5180000, 0x0000000100000000)
  eden space 217600K, 100% used [0x00000000e0000000,0x00000000ed480000,0x00000000ed480000)
  from space 17920K, 33% used [0x00000000ed480000,0x00000000eda4d1f0,0x00000000ee600000)
  to   space 17408K, 0% used [0x00000000f4080000,0x00000000f4080000,0x00000000f5180000)
 ParOldGen       total 54784K, used 40654K [0x00000000a0000000, 0x00000000a3580000, 0x00000000e0000000)
  object space 54784K, 74% used [0x00000000a0000000,0x00000000a27b3bb8,0x00000000a3580000)
 Metaspace       used 63885K, capacity 66228K, committed 66560K, reserved 1105920K
  class space    used 8628K, capacity 9123K, committed 9216K, reserved 1048576K
Event: 88.588 GC heap after
Heap after GC invocations=17 (full 3):
 PSYoungGen      total 322048K, used 17381K [0x00000000e0000000, 0x00000000f5680000, 0x0000000100000000)
  eden space 304640K, 0% used [0x00000000e0000000,0x00000000e0000000,0x00000000f2980000)
  from space 17408K, 99% used [0x00000000f4080000,0x00000000f5179760,0x00000000f5180000)
  to   space 23040K, 0% used [0x00000000f2980000,0x00000000f2980000,0x00000000f4000000)
 ParOldGen       total 54784K, used 49412K [0x00000000a0000000, 0x00000000a3580000, 0x00000000e0000000)
  object space 54784K, 90% used [0x00000000a0000000,0x00000000a3041328,0x00000000a3580000)
 Metaspace       used 63885K, capacity 66228K, committed 66560K, reserved 1105920K
  class space    used 8628K, capacity 9123K, committed 9216K, reserved 1048576K
}
Event: 88.588 GC heap before
{Heap before GC invocations=18 (full 4):
 PSYoungGen      total 322048K, used 17381K [0x00000000e0000000, 0x00000000f5680000, 0x0000000100000000)
  eden space 304640K, 0% used [0x00000000e0000000,0x00000000e0000000,0x00000000f2980000)
  from space 17408K, 99% used [0x00000000f4080000,0x00000000f5179760,0x00000000f5180000)
  to   space 23040K, 0% used [0x00000000f2980000,0x00000000f2980000,0x00000000f4000000)
 ParOldGen       total 54784K, used 49412K [0x00000000a0000000, 0x00000000a3580000, 0x00000000e0000000)
  object space 54784K, 90% used [0x00000000a0000000,0x00000000a3041328,0x00000000a3580000)
 Metaspace       used 63885K, capacity 66228K, committed 66560K, reserved 1105920K
  class space    used 8628K, capacity 9123K, committed 9216K, reserved 1048576K
Event: 89.294 GC heap after
Heap after GC invocations=18 (full 4):
 PSYoungGen      total 322048K, used 11158K [0x00000000e0000000, 0x00000000f5680000, 0x0000000100000000)
  eden space 304640K, 0% used [0x00000000e0000000,0x00000000e0000000,0x00000000f2980000)
  from space 17408K, 64% used [0x00000000f4080000,0x00000000f4b65ba8,0x00000000f5180000)
  to   space 23040K, 0% used [0x00000000f2980000,0x00000000f2980000,0x00000000f4000000)
 ParOldGen       total 101888K, used 54192K [0x00000000a0000000, 0x00000000a6380000, 0x00000000e0000000)
  object space 101888K, 53% used [0x00000000a0000000,0x00000000a34ec018,0x00000000a6380000)
 Metaspace       used 63885K, capacity 66228K, committed 66560K, reserved 1105920K
  class space    used 8628K, capacity 9123K, committed 9216K, reserved 1048576K
}
Event: 91.537 GC heap before
{Heap before GC invocations=19 (full 4):
 PSYoungGen      total 322048K, used 315798K [0x00000000e0000000, 0x00000000f5680000, 0x0000000100000000)
  eden space 304640K, 100% used [0x00000000e0000000,0x00000000f2980000,0x00000000f2980000)
  from space 17408K, 64% used [0x00000000f4080000,0x00000000f4b65ba8,0x00000000f5180000)
  to   space 23040K, 0% used [0x00000000f2980000,0x00000000f2980000,0x00000000f4000000)
 ParOldGen       total 101888K, used 54192K [0x00000000a0000000, 0x00000000a6380000, 0x00000000e0000000)
  object space 101888K, 53% used [0x00000000a0000000,0x00000000a34ec018,0x00000000a6380000)
 Metaspace       used 64258K, capacity 66612K, committed 66816K, reserved 1107968K
  class space    used 8635K, capacity 9123K, committed 9216K, reserved 1048576K

