# JRE version: Java(TM) SE Runtime Environment (8.0_121-b13) (build 1.8.0_121-b13)
# Java VM: Java HotSpot(TM) 64-Bit Server VM (25.121-b13 mixed mode windows-amd64 compressed oops)
Heap:
 PSYoungGen      total 165888K, used 81372K [0x00000000e0000000, 0x00000000ee700000, 0x0000000100000000)
  eden space 153088K, 44% used [0x00000000e0000000,0x00000000e42ff2f8,0x00000000e9580000)
  from space 12800K, 99% used [0x00000000e9580000,0x00000000ea1f8010,0x00000000ea200000)
  to   space 17920K, 0% used [0x00000000ed580000,0x00000000ed580000,0x00000000ee700000)
 ParOldGen       total 54784K, used 29490K [0x00000000a0000000, 0x00000000a3580000, 0x00000000e0000000)
  object space 54784K, 53% used [0x00000000a0000000,0x00000000a1cccaa8,0x00000000a3580000)
 Metaspace       used 51603K, capacity 53482K, committed 53504K, reserved 1095680K
  class space    used 7236K, capacity 7662K, committed 7680K, reserved 1048576K
GC Heap History (10 events):
Event: 6.899 GC heap before
{Heap before GC invocations=9 (full 1):
 PSYoungGen      total 74240K, used 73208K [0x00000000e0000000, 0x00000000e8180000, 0x0000000100000000)
  eden space 65536K, 100% used [0x00000000e0000000,0x00000000e4000000,0x00000000e4000000)
  from space 8704K, 88% used [0x00000000e4000000,0x00000000e477e0b8,0x00000000e4880000)
  to   space 9728K, 0% used [0x00000000e7800000,0x00000000e7800000,0x00000000e8180000)
 ParOldGen       total 35328K, used 8570K [0x00000000a0000000, 0x00000000a2280000, 0x00000000e0000000)
  object space 35328K, 24% used [0x00000000a0000000,0x00000000a085e880,0x00000000a2280000)
 Metaspace       used 28216K, capacity 28844K, committed 29056K, reserved 1075200K
  class space    used 3954K, capacity 4130K, committed 4224K, reserved 1048576K
Event: 6.932 GC heap after
Heap after GC invocations=9 (full 1):
 PSYoungGen      total 120832K, used 6120K [0x00000000e0000000, 0x00000000e8080000, 0x0000000100000000)
  eden space 112128K, 0% used [0x00000000e0000000,0x00000000e0000000,0x00000000e6d80000)
  from space 8704K, 70% used [0x00000000e7800000,0x00000000e7dfa2c0,0x00000000e8080000)
  to   space 9728K, 0% used [0x00000000e6d80000,0x00000000e6d80000,0x00000000e7700000)
 ParOldGen       total 35328K, used 8570K [0x00000000a0000000, 0x00000000a2280000, 0x00000000e0000000)
  object space 35328K, 24% used [0x00000000a0000000,0x00000000a085e880,0x00000000a2280000)
 Metaspace       used 28216K, capacity 28844K, committed 29056K, reserved 1075200K
  class space    used 3954K, capacity 4130K, committed 4224K, reserved 1048576K
}
Event: 8.851 GC heap before
{Heap before GC invocations=10 (full 1):
 PSYoungGen      total 120832K, used 117125K [0x00000000e0000000, 0x00000000e8080000, 0x0000000100000000)
  eden space 112128K, 98% used [0x00000000e0000000,0x00000000e6c67358,0x00000000e6d80000)
  from space 8704K, 70% used [0x00000000e7800000,0x00000000e7dfa2c0,0x00000000e8080000)
  to   space 9728K, 0% used [0x00000000e6d80000,0x00000000e6d80000,0x00000000e7700000)
 ParOldGen       total 35328K, used 8570K [0x00000000a0000000, 0x00000000a2280000, 0x00000000e0000000)
  object space 35328K, 24% used [0x00000000a0000000,0x00000000a085e880,0x00000000a2280000)
 Metaspace       used 34634K, capacity 35298K, committed 35456K, reserved 1079296K
  class space    used 4798K, capacity 4982K, committed 4992K, reserved 1048576K
Event: 8.867 GC heap after
Heap after GC invocations=10 (full 1):
 PSYoungGen      total 121856K, used 9697K [0x00000000e0000000, 0x00000000eb100000, 0x0000000100000000)
  eden space 112128K, 0% used [0x00000000e0000000,0x00000000e0000000,0x00000000e6d80000)
  from space 9728K, 99% used [0x00000000e6d80000,0x00000000e76f84a8,0x00000000e7700000)
  to   space 12288K, 0% used [0x00000000ea500000,0x00000000ea500000,0x00000000eb100000)
 ParOldGen       total 35328K, used 11636K [0x00000000a0000000, 0x00000000a2280000, 0x00000000e0000000)
  object space 35328K, 32% used [0x00000000a0000000,0x00000000a0b5d2e0,0x00000000a2280000)
 Metaspace       used 34634K, capacity 35298K, committed 35456K, reserved 1079296K
  class space    used 4798K, capacity 4982K, committed 4992K, reserved 1048576K
}
Event: 8.867 GC heap before
{Heap before GC invocations=11 (full 2):
 PSYoungGen      total 121856K, used 9697K [0x00000000e0000000, 0x00000000eb100000, 0x0000000100000000)
  eden space 112128K, 0% used [0x00000000e0000000,0x00000000e0000000,0x00000000e6d80000)
  from space 9728K, 99% used [0x00000000e6d80000,0x00000000e76f84a8,0x00000000e7700000)
  to   space 12288K, 0% used [0x00000000ea500000,0x00000000ea500000,0x00000000eb100000)
 ParOldGen       total 35328K, used 11636K [0x00000000a0000000, 0x00000000a2280000, 0x00000000e0000000)
  object space 35328K, 32% used [0x00000000a0000000,0x00000000a0b5d2e0,0x00000000a2280000)
 Metaspace       used 34634K, capacity 35298K, committed 35456K, reserved 1079296K
  class space    used 4798K, capacity 4982K, committed 4992K, reserved 1048576K
Event: 8.963 GC heap after
Heap after GC invocations=11 (full 2):
 PSYoungGen      total 121856K, used 0K [0x00000000e0000000, 0x00000000eb100000, 0x0000000100000000)
  eden space 112128K, 0% used [0x00000000e0000000,0x00000000e0000000,0x00000000e6d80000)
  from space 9728K, 0% used [0x00000000e6d80000,0x00000000e6d80000,0x00000000e7700000)
  to   space 12288K, 0% used [0x00000000ea500000,0x00000000ea500000,0x00000000eb100000)
 ParOldGen       total 54784K, used 20138K [0x00000000a0000000, 0x00000000a3580000, 0x00000000e0000000)
  object space 54784K, 36% used [0x00000000a0000000,0x00000000a13aa9c0,0x00000000a3580000)
 Metaspace       used 34634K, capacity 35298K, committed 35456K, reserved 1079296K
  class space    used 4798K, capacity 4982K, committed 4992K, reserved 1048576K
}
Event: 10.713 GC heap before
{Heap before GC invocations=12 (full 2):
 PSYoungGen      total 121856K, used 112128K [0x00000000e0000000, 0x00000000eb100000, 0x0000000100000000)
  eden space 112128K, 100% used [0x00000000e0000000,0x00000000e6d80000,0x00000000e6d80000)
  from space 9728K, 0% used [0x00000000e6d80000,0x00000000e6d80000,0x00000000e7700000)
  to   space 12288K, 0% used [0x00000000ea500000,0x00000000ea500000,0x00000000eb100000)
 ParOldGen       total 54784K, used 20138K [0x00000000a0000000, 0x00000000a3580000, 0x00000000e0000000)
  object space 54784K, 36% used [0x00000000a0000000,0x00000000a13aa9c0,0x00000000a3580000)
 Metaspace       used 41811K, capacity 42710K, committed 43136K, reserved 1087488K
  class space    used 5729K, capacity 5929K, committed 6016K, reserved 1048576K
Event: 10.725 GC heap after
Heap after GC invocations=12 (full 2):
 PSYoungGen      total 160256K, used 9399K [0x00000000e0000000, 0x00000000eae80000, 0x0000000100000000)
  eden space 150528K, 0% used [0x00000000e0000000,0x00000000e0000000,0x00000000e9300000)
  from space 9728K, 96% used [0x00000000ea500000,0x00000000eae2de80,0x00000000eae80000)
  to   space 12800K, 0% used [0x00000000e9580000,0x00000000e9580000,0x00000000ea200000)
 ParOldGen       total 54784K, used 20146K [0x00000000a0000000, 0x00000000a3580000, 0x00000000e0000000)
  object space 54784K, 36% used [0x00000000a0000000,0x00000000a13ac9c0,0x00000000a3580000)
 Metaspace       used 41811K, capacity 42710K, committed 43136K, reserved 1087488K
  class space    used 5729K, capacity 5929K, committed 6016K, reserved 1048576K
}
Event: 14.891 GC heap before
{Heap before GC invocations=13 (full 2):
 PSYoungGen      total 160256K, used 159927K [0x00000000e0000000, 0x00000000eae80000, 0x0000000100000000)
  eden space 150528K, 100% used [0x00000000e0000000,0x00000000e9300000,0x00000000e9300000)
  from space 9728K, 96% used [0x00000000ea500000,0x00000000eae2de80,0x00000000eae80000)
  to   space 12800K, 0% used [0x00000000e9580000,0x00000000e9580000,0x00000000ea200000)
 ParOldGen       total 54784K, used 20146K [0x00000000a0000000, 0x00000000a3580000, 0x00000000e0000000)
  object space 54784K, 36% used [0x00000000a0000000,0x00000000a13ac9c0,0x00000000a3580000)
 Metaspace       used 49673K, capacity 51124K, committed 51328K, reserved 1093632K
  class space    used 6886K, capacity 7186K, committed 7296K, reserved 1048576K
Event: 14.970 GC heap after
Heap after GC invocations=13 (full 2):
 PSYoungGen      total 165888K, used 12768K [0x00000000e0000000, 0x00000000ee700000, 0x0000000100000000)
  eden space 153088K, 0% used [0x00000000e0000000,0x00000000e0000000,0x00000000e9580000)
  from space 12800K, 99% used [0x00000000e9580000,0x00000000ea1f8010,0x00000000ea200000)
  to   space 17920K, 0% used [0x00000000ed580000,0x00000000ed580000,0x00000000ee700000)
 ParOldGen       total 54784K, used 29490K [0x00000000a0000000, 0x00000000a3580000, 0x00000000e0000000)
  object space 54784K, 53% used [0x00000000a0000000,0x00000000a1cccaa8,0x00000000a3580000)
 Metaspace       used 49673K, capacity 51124K, committed 51328K, reserved 1093632K
  class space    used 6886K, capacity 7186K, committed 7296K, reserved 1048576K
}

