# JRE version: Java(TM) SE Runtime Environment (8.0_121-b13) (build 1.8.0_121-b13)
# Java VM: Java HotSpot(TM) 64-Bit Server VM (25.121-b13 mixed mode windows-amd64 compressed oops)
Heap:
 PSYoungGen      total 340992K, used 81431K [0x00000000e0000000, 0x00000000fa380000, 0x0000000100000000)
  eden space 314368K, 23% used [0x00000000e0000000,0x00000000e4840558,0x00000000f3300000)
  from space 26624K, 27% used [0x00000000f3300000,0x00000000f3a45838,0x00000000f4d00000)
  to   space 32768K, 0% used [0x00000000f8380000,0x00000000f8380000,0x00000000fa380000)
 ParOldGen       total 100352K, used 51963K [0x00000000a0000000, 0x00000000a6200000, 0x00000000e0000000)
  object space 100352K, 51% used [0x00000000a0000000,0x00000000a32beef0,0x00000000a6200000)
 Metaspace       used 63139K, capacity 65126K, committed 65408K, reserved 1105920K
  class space    used 8163K, capacity 8551K, committed 8576K, reserved 1048576K
GC Heap History (10 events):
Event: 46.696 GC heap before
{Heap before GC invocations=17 (full 3):
 PSYoungGen      total 228352K, used 225267K [0x00000000e0000000, 0x00000000f2c80000, 0x0000000100000000)
  eden space 211456K, 100% used [0x00000000e0000000,0x00000000ece80000,0x00000000ece80000)
  from space 16896K, 81% used [0x00000000ece80000,0x00000000edbfced8,0x00000000edf00000)
  to   space 18432K, 0% used [0x00000000f1a80000,0x00000000f1a80000,0x00000000f2c80000)
 ParOldGen       total 52224K, used 29518K [0x00000000a0000000, 0x00000000a3300000, 0x00000000e0000000)
  object space 52224K, 56% used [0x00000000a0000000,0x00000000a1cd39a8,0x00000000a3300000)
 Metaspace       used 56774K, capacity 58278K, committed 58496K, reserved 1099776K
  class space    used 7490K, capacity 7799K, committed 7808K, reserved 1048576K
Event: 46.730 GC heap after
Heap after GC invocations=17 (full 3):
 PSYoungGen      total 281088K, used 17212K [0x00000000e0000000, 0x00000000f2b80000, 0x0000000100000000)
  eden space 263680K, 0% used [0x00000000e0000000,0x00000000e0000000,0x00000000f0180000)
  from space 17408K, 98% used [0x00000000f1a80000,0x00000000f2b4f020,0x00000000f2b80000)
  to   space 20992K, 0% used [0x00000000f0280000,0x00000000f0280000,0x00000000f1700000)
 ParOldGen       total 52224K, used 29518K [0x00000000a0000000, 0x00000000a3300000, 0x00000000e0000000)
  object space 52224K, 56% used [0x00000000a0000000,0x00000000a1cd39a8,0x00000000a3300000)
 Metaspace       used 56774K, capacity 58278K, committed 58496K, reserved 1099776K
  class space    used 7490K, capacity 7799K, committed 7808K, reserved 1048576K
}
Event: 62.748 GC heap before
{Heap before GC invocations=18 (full 3):
 PSYoungGen      total 281088K, used 280892K [0x00000000e0000000, 0x00000000f2b80000, 0x0000000100000000)
  eden space 263680K, 100% used [0x00000000e0000000,0x00000000f0180000,0x00000000f0180000)
  from space 17408K, 98% used [0x00000000f1a80000,0x00000000f2b4f020,0x00000000f2b80000)
  to   space 20992K, 0% used [0x00000000f0280000,0x00000000f0280000,0x00000000f1700000)
 ParOldGen       total 52224K, used 29518K [0x00000000a0000000, 0x00000000a3300000, 0x00000000e0000000)
  object space 52224K, 56% used [0x00000000a0000000,0x00000000a1cd39a8,0x00000000a3300000)
 Metaspace       used 57180K, capacity 58846K, committed 59136K, reserved 1099776K
  class space    used 7516K, capacity 7821K, committed 7936K, reserved 1048576K
Event: 62.779 GC heap after
Heap after GC invocations=18 (full 3):
 PSYoungGen      total 285696K, used 20983K [0x00000000e0000000, 0x00000000f6b80000, 0x0000000100000000)
  eden space 264704K, 0% used [0x00000000e0000000,0x00000000e0000000,0x00000000f0280000)
  from space 20992K, 99% used [0x00000000f0280000,0x00000000f16fdf90,0x00000000f1700000)
  to   space 26624K, 0% used [0x00000000f5180000,0x00000000f5180000,0x00000000f6b80000)
 ParOldGen       total 52224K, used 36504K [0x00000000a0000000, 0x00000000a3300000, 0x00000000e0000000)
  object space 52224K, 69% used [0x00000000a0000000,0x00000000a23a6288,0x00000000a3300000)
 Metaspace       used 57180K, capacity 58846K, committed 59136K, reserved 1099776K
  class space    used 7516K, capacity 7821K, committed 7936K, reserved 1048576K
}
Event: 73.262 GC heap before
{Heap before GC invocations=19 (full 3):
 PSYoungGen      total 285696K, used 285687K [0x00000000e0000000, 0x00000000f6b80000, 0x0000000100000000)
  eden space 264704K, 100% used [0x00000000e0000000,0x00000000f0280000,0x00000000f0280000)
  from space 20992K, 99% used [0x00000000f0280000,0x00000000f16fdf90,0x00000000f1700000)
  to   space 26624K, 0% used [0x00000000f5180000,0x00000000f5180000,0x00000000f6b80000)
 ParOldGen       total 52224K, used 36504K [0x00000000a0000000, 0x00000000a3300000, 0x00000000e0000000)
  object space 52224K, 69% used [0x00000000a0000000,0x00000000a23a6288,0x00000000a3300000)
 Metaspace       used 57542K, capacity 59244K, committed 59392K, reserved 1101824K
  class space    used 7525K, capacity 7834K, committed 7936K, reserved 1048576K
Event: 73.333 GC heap after
Heap after GC invocations=19 (full 3):
 PSYoungGen      total 336384K, used 15069K [0x00000000e0000000, 0x00000000f6700000, 0x0000000100000000)
  eden space 314368K, 0% used [0x00000000e0000000,0x00000000e0000000,0x00000000f3300000)
  from space 22016K, 68% used [0x00000000f5180000,0x00000000f6037408,0x00000000f6700000)
  to   space 26624K, 0% used [0x00000000f3300000,0x00000000f3300000,0x00000000f4d00000)
 ParOldGen       total 52224K, used 40478K [0x00000000a0000000, 0x00000000a3300000, 0x00000000e0000000)
  object space 52224K, 77% used [0x00000000a0000000,0x00000000a2787be0,0x00000000a3300000)
 Metaspace       used 57542K, capacity 59244K, committed 59392K, reserved 1101824K
  class space    used 7525K, capacity 7834K, committed 7936K, reserved 1048576K
}
Event: 90.990 GC heap before
{Heap before GC invocations=20 (full 3):
 PSYoungGen      total 336384K, used 329437K [0x00000000e0000000, 0x00000000f6700000, 0x0000000100000000)
  eden space 314368K, 100% used [0x00000000e0000000,0x00000000f3300000,0x00000000f3300000)
  from space 22016K, 68% used [0x00000000f5180000,0x00000000f6037408,0x00000000f6700000)
  to   space 26624K, 0% used [0x00000000f3300000,0x00000000f3300000,0x00000000f4d00000)
 ParOldGen       total 52224K, used 40478K [0x00000000a0000000, 0x00000000a3300000, 0x00000000e0000000)
  object space 52224K, 77% used [0x00000000a0000000,0x00000000a2787be0,0x00000000a3300000)
 Metaspace       used 63084K, capacity 65004K, committed 65152K, reserved 1105920K
  class space    used 8163K, capacity 8552K, committed 8576K, reserved 1048576K
Event: 91.034 GC heap after
Heap after GC invocations=20 (full 3):
 PSYoungGen      total 340992K, used 26603K [0x00000000e0000000, 0x00000000fa380000, 0x0000000100000000)
  eden space 314368K, 0% used [0x00000000e0000000,0x00000000e0000000,0x00000000f3300000)
  from space 26624K, 99% used [0x00000000f3300000,0x00000000f4cfacc8,0x00000000f4d00000)
  to   space 32768K, 0% used [0x00000000f8380000,0x00000000f8380000,0x00000000fa380000)
 ParOldGen       total 52224K, used 45299K [0x00000000a0000000, 0x00000000a3300000, 0x00000000e0000000)
  object space 52224K, 86% used [0x00000000a0000000,0x00000000a2c3cc70,0x00000000a3300000)
 Metaspace       used 63084K, capacity 65004K, committed 65152K, reserved 1105920K
  class space    used 8163K, capacity 8552K, committed 8576K, reserved 1048576K
}
Event: 91.034 GC heap before
{Heap before GC invocations=21 (full 4):
 PSYoungGen      total 340992K, used 26603K [0x00000000e0000000, 0x00000000fa380000, 0x0000000100000000)
  eden space 314368K, 0% used [0x00000000e0000000,0x00000000e0000000,0x00000000f3300000)
  from space 26624K, 99% used [0x00000000f3300000,0x00000000f4cfacc8,0x00000000f4d00000)
  to   space 32768K, 0% used [0x00000000f8380000,0x00000000f8380000,0x00000000fa380000)
 ParOldGen       total 52224K, used 45299K [0x00000000a0000000, 0x00000000a3300000, 0x00000000e0000000)
  object space 52224K, 86% used [0x00000000a0000000,0x00000000a2c3cc70,0x00000000a3300000)
 Metaspace       used 63084K, capacity 65004K, committed 65152K, reserved 1105920K
  class space    used 8163K, capacity 8552K, committed 8576K, reserved 1048576K
Event: 91.512 GC heap after
Heap after GC invocations=21 (full 4):
 PSYoungGen      total 340992K, used 7446K [0x00000000e0000000, 0x00000000fa380000, 0x0000000100000000)
  eden space 314368K, 0% used [0x00000000e0000000,0x00000000e0000000,0x00000000f3300000)
  from space 26624K, 27% used [0x00000000f3300000,0x00000000f3a45838,0x00000000f4d00000)
  to   space 32768K, 0% used [0x00000000f8380000,0x00000000f8380000,0x00000000fa380000)
 ParOldGen       total 100352K, used 51963K [0x00000000a0000000, 0x00000000a6200000, 0x00000000e0000000)
  object space 100352K, 51% used [0x00000000a0000000,0x00000000a32beef0,0x00000000a6200000)
 Metaspace       used 63082K, capacity 64998K, committed 65152K, reserved 1105920K
  class space    used 8163K, capacity 8551K, committed 8576K, reserved 1048576K
}

