# JRE version: Java(TM) SE Runtime Environment (8.0_121-b13) (build 1.8.0_121-b13)
# Java VM: Java HotSpot(TM) 64-Bit Server VM (25.121-b13 mixed mode windows-amd64 compressed oops)
Heap:
 PSYoungGen      total 207360K, used 114286K [0x00000000e0000000, 0x00000000f1480000, 0x0000000100000000)
  eden space 192512K, 51% used [0x00000000e0000000,0x00000000e611ed40,0x00000000ebc00000)
  from space 14848K, 99% used [0x00000000ebc00000,0x00000000eca7cdd0,0x00000000eca80000)
  to   space 20480K, 0% used [0x00000000f0080000,0x00000000f0080000,0x00000000f1480000)
 ParOldGen       total 53248K, used 28419K [0x00000000a0000000, 0x00000000a3400000, 0x00000000e0000000)
  object space 53248K, 53% used [0x00000000a0000000,0x00000000a1bc0c20,0x00000000a3400000)
 Metaspace       used 56157K, capacity 57620K, committed 57984K, reserved 1099776K
  class space    used 7459K, capacity 7754K, committed 7808K, reserved 1048576K
GC Heap History (10 events):
Event: 8.385 GC heap before
{Heap before GC invocations=12 (full 2):
 PSYoungGen      total 118272K, used 6831K [0x00000000e0000000, 0x00000000ea900000, 0x0000000100000000)
  eden space 109056K, 6% used [0x00000000e0000000,0x00000000e06abf18,0x00000000e6a80000)
  from space 9216K, 0% used [0x00000000e6a80000,0x00000000e6a80000,0x00000000e7380000)
  to   space 11264K, 0% used [0x00000000e9e00000,0x00000000e9e00000,0x00000000ea900000)
 ParOldGen       total 53248K, used 18368K [0x00000000a0000000, 0x00000000a3400000, 0x00000000e0000000)
  object space 53248K, 34% used [0x00000000a0000000,0x00000000a11f0278,0x00000000a3400000)
 Metaspace       used 35049K, capacity 35686K, committed 35968K, reserved 1081344K
  class space    used 4800K, capacity 4976K, committed 4992K, reserved 1048576K
Event: 8.388 GC heap after
Heap after GC invocations=12 (full 2):
 PSYoungGen      total 158720K, used 581K [0x00000000e0000000, 0x00000000ea800000, 0x0000000100000000)
  eden space 148480K, 0% used [0x00000000e0000000,0x00000000e0000000,0x00000000e9100000)
  from space 10240K, 5% used [0x00000000e9e00000,0x00000000e9e915f0,0x00000000ea800000)
  to   space 11776K, 0% used [0x00000000e9100000,0x00000000e9100000,0x00000000e9c80000)
 ParOldGen       total 53248K, used 18368K [0x00000000a0000000, 0x00000000a3400000, 0x00000000e0000000)
  object space 53248K, 34% used [0x00000000a0000000,0x00000000a11f0278,0x00000000a3400000)
 Metaspace       used 35049K, capacity 35686K, committed 35968K, reserved 1081344K
  class space    used 4800K, capacity 4976K, committed 4992K, reserved 1048576K
}
Event: 8.389 GC heap before
{Heap before GC invocations=13 (full 3):
 PSYoungGen      total 158720K, used 581K [0x00000000e0000000, 0x00000000ea800000, 0x0000000100000000)
  eden space 148480K, 0% used [0x00000000e0000000,0x00000000e0000000,0x00000000e9100000)
  from space 10240K, 5% used [0x00000000e9e00000,0x00000000e9e915f0,0x00000000ea800000)
  to   space 11776K, 0% used [0x00000000e9100000,0x00000000e9100000,0x00000000e9c80000)
 ParOldGen       total 53248K, used 18368K [0x00000000a0000000, 0x00000000a3400000, 0x00000000e0000000)
  object space 53248K, 34% used [0x00000000a0000000,0x00000000a11f0278,0x00000000a3400000)
 Metaspace       used 35049K, capacity 35686K, committed 35968K, reserved 1081344K
  class space    used 4800K, capacity 4976K, committed 4992K, reserved 1048576K
Event: 8.523 GC heap after
Heap after GC invocations=13 (full 3):
 PSYoungGen      total 158720K, used 0K [0x00000000e0000000, 0x00000000ea800000, 0x0000000100000000)
  eden space 148480K, 0% used [0x00000000e0000000,0x00000000e0000000,0x00000000e9100000)
  from space 10240K, 0% used [0x00000000e9e00000,0x00000000e9e00000,0x00000000ea800000)
  to   space 11776K, 0% used [0x00000000e9100000,0x00000000e9100000,0x00000000e9c80000)
 ParOldGen       total 53248K, used 12893K [0x00000000a0000000, 0x00000000a3400000, 0x00000000e0000000)
  object space 53248K, 24% used [0x00000000a0000000,0x00000000a0c97678,0x00000000a3400000)
 Metaspace       used 35049K, capacity 35686K, committed 35968K, reserved 1081344K
  class space    used 4800K, capacity 4976K, committed 4992K, reserved 1048576K
}
Event: 24.244 GC heap before
{Heap before GC invocations=14 (full 3):
 PSYoungGen      total 158720K, used 148480K [0x00000000e0000000, 0x00000000ea800000, 0x0000000100000000)
  eden space 148480K, 100% used [0x00000000e0000000,0x00000000e9100000,0x00000000e9100000)
  from space 10240K, 0% used [0x00000000e9e00000,0x00000000e9e00000,0x00000000ea800000)
  to   space 11776K, 0% used [0x00000000e9100000,0x00000000e9100000,0x00000000e9c80000)
 ParOldGen       total 53248K, used 12893K [0x00000000a0000000, 0x00000000a3400000, 0x00000000e0000000)
  object space 53248K, 24% used [0x00000000a0000000,0x00000000a0c97678,0x00000000a3400000)
 Metaspace       used 43189K, capacity 44006K, committed 44288K, reserved 1087488K
  class space    used 5861K, capacity 6041K, committed 6144K, reserved 1048576K
Event: 24.262 GC heap after
Heap after GC invocations=14 (full 3):
 PSYoungGen      total 160256K, used 10242K [0x00000000e0000000, 0x00000000ed800000, 0x0000000100000000)
  eden space 148480K, 0% used [0x00000000e0000000,0x00000000e0000000,0x00000000e9100000)
  from space 11776K, 86% used [0x00000000e9100000,0x00000000e9b009b8,0x00000000e9c80000)
  to   space 12800K, 0% used [0x00000000ecb80000,0x00000000ecb80000,0x00000000ed800000)
 ParOldGen       total 53248K, used 12901K [0x00000000a0000000, 0x00000000a3400000, 0x00000000e0000000)
  object space 53248K, 24% used [0x00000000a0000000,0x00000000a0c99678,0x00000000a3400000)
 Metaspace       used 43189K, capacity 44006K, committed 44288K, reserved 1087488K
  class space    used 5861K, capacity 6041K, committed 6144K, reserved 1048576K
}
Event: 26.562 GC heap before
{Heap before GC invocations=15 (full 3):
 PSYoungGen      total 160256K, used 158722K [0x00000000e0000000, 0x00000000ed800000, 0x0000000100000000)
  eden space 148480K, 100% used [0x00000000e0000000,0x00000000e9100000,0x00000000e9100000)
  from space 11776K, 86% used [0x00000000e9100000,0x00000000e9b009b8,0x00000000e9c80000)
  to   space 12800K, 0% used [0x00000000ecb80000,0x00000000ecb80000,0x00000000ed800000)
 ParOldGen       total 53248K, used 12901K [0x00000000a0000000, 0x00000000a3400000, 0x00000000e0000000)
  object space 53248K, 24% used [0x00000000a0000000,0x00000000a0c99678,0x00000000a3400000)
 Metaspace       used 48059K, capacity 49328K, committed 49664K, reserved 1091584K
  class space    used 6544K, capacity 6826K, committed 6912K, reserved 1048576K
Event: 26.600 GC heap after
Heap after GC invocations=15 (full 3):
 PSYoungGen      total 205312K, used 12411K [0x00000000e0000000, 0x00000000ed900000, 0x0000000100000000)
  eden space 192512K, 0% used [0x00000000e0000000,0x00000000e0000000,0x00000000ebc00000)
  from space 12800K, 96% used [0x00000000ecb80000,0x00000000ed79ecf0,0x00000000ed800000)
  to   space 14848K, 0% used [0x00000000ebc00000,0x00000000ebc00000,0x00000000eca80000)
 ParOldGen       total 53248K, used 19857K [0x00000000a0000000, 0x00000000a3400000, 0x00000000e0000000)
  object space 53248K, 37% used [0x00000000a0000000,0x00000000a13646c8,0x00000000a3400000)
 Metaspace       used 48059K, capacity 49328K, committed 49664K, reserved 1091584K
  class space    used 6544K, capacity 6826K, committed 6912K, reserved 1048576K
}
Event: 38.914 GC heap before
{Heap before GC invocations=16 (full 3):
 PSYoungGen      total 205312K, used 204923K [0x00000000e0000000, 0x00000000ed900000, 0x0000000100000000)
  eden space 192512K, 100% used [0x00000000e0000000,0x00000000ebc00000,0x00000000ebc00000)
  from space 12800K, 96% used [0x00000000ecb80000,0x00000000ed79ecf0,0x00000000ed800000)
  to   space 14848K, 0% used [0x00000000ebc00000,0x00000000ebc00000,0x00000000eca80000)
 ParOldGen       total 53248K, used 19857K [0x00000000a0000000, 0x00000000a3400000, 0x00000000e0000000)
  object space 53248K, 37% used [0x00000000a0000000,0x00000000a13646c8,0x00000000a3400000)
 Metaspace       used 54596K, capacity 55934K, committed 56320K, reserved 1097728K
  class space    used 7272K, capacity 7555K, committed 7680K, reserved 1048576K
Event: 38.951 GC heap after
Heap after GC invocations=16 (full 3):
 PSYoungGen      total 207360K, used 14835K [0x00000000e0000000, 0x00000000f1480000, 0x0000000100000000)
  eden space 192512K, 0% used [0x00000000e0000000,0x00000000e0000000,0x00000000ebc00000)
  from space 14848K, 99% used [0x00000000ebc00000,0x00000000eca7cdd0,0x00000000eca80000)
  to   space 20480K, 0% used [0x00000000f0080000,0x00000000f0080000,0x00000000f1480000)
 ParOldGen       total 53248K, used 28419K [0x00000000a0000000, 0x00000000a3400000, 0x00000000e0000000)
  object space 53248K, 53% used [0x00000000a0000000,0x00000000a1bc0c20,0x00000000a3400000)
 Metaspace       used 54596K, capacity 55934K, committed 56320K, reserved 1097728K
  class space    used 7272K, capacity 7555K, committed 7680K, reserved 1048576K
}

